This file contains any messages produced by compilers while
running configure, to aid debugging if configure makes a mistake.

It was created by csoap configure 1.1.0, which was
generated by GNU Autoconf 2.59e.  Invocation command line was

  $ ./configure 

## --------- ##
## Platform. ##
## --------- ##

hostname = nb4lehrig
uname -m = x86_64
uname -r = 2.6.37.6-0.5-desktop
uname -s = Linux
uname -v = #1 SMP PREEMPT 2011-04-25 21:48:33 +0200

/usr/bin/uname -p = unknown
/bin/uname -X     = unknown

/bin/arch              = x86_64
/usr/bin/arch -k       = unknown
/usr/convex/getsysinfo = unknown
/usr/bin/hostinfo      = unknown
/bin/machine           = unknown
/usr/bin/oslevel       = unknown
/bin/universe          = unknown

PATH: /home/lehrig/bin
PATH: /usr/local/bin
PATH: /usr/bin
PATH: /bin
PATH: /usr/bin/X11
PATH: /usr/X11R6/bin
PATH: /usr/games
PATH: /opt/kde3/bin
PATH: /usr/lib64/jvm/jre/bin


## ----------- ##
## Core tests. ##
## ----------- ##

configure:1982: checking for a BSD-compatible install
configure:2038: result: /usr/bin/install -c
configure:2049: checking whether build environment is sane
configure:2092: result: yes
configure:2157: checking for gawk
configure:2173: found /usr/bin/gawk
configure:2184: result: gawk
configure:2195: checking whether make sets $(MAKE)
configure:2216: result: yes
configure:2458: checking for gcc
configure:2474: found /usr/bin/gcc
configure:2485: result: gcc
configure:2723: checking for C compiler version
configure:2730: gcc --version >&5
gcc (SUSE Linux) 4.5.1 20101208 [gcc-4_5-branch revision 167585]
Copyright (C) 2010 Free Software Foundation, Inc.
This is free software; see the source for copying conditions.  There is NO
warranty; not even for MERCHANTABILITY or FITNESS FOR A PARTICULAR PURPOSE.

configure:2733: $? = 0
configure:2740: gcc -v >&5
Using built-in specs.
COLLECT_GCC=gcc
COLLECT_LTO_WRAPPER=/usr/lib64/gcc/x86_64-suse-linux/4.5/lto-wrapper
Target: x86_64-suse-linux
Configured with: ../configure --prefix=/usr --infodir=/usr/share/info --mandir=/usr/share/man --libdir=/usr/lib64 --libexecdir=/usr/lib64 --enable-languages=c,c++,objc,fortran,obj-c++,java,ada --enable-checking=release --with-gxx-include-dir=/usr/include/c++/4.5 --enable-ssp --disable-libssp --disable-plugin --with-bugurl=http://bugs.opensuse.org/ --with-pkgversion='SUSE Linux' --disable-libgcj --disable-libmudflap --with-slibdir=/lib64 --with-system-zlib --enable-__cxa_atexit --enable-libstdcxx-allocator=new --disable-libstdcxx-pch --enable-version-specific-runtime-libs --program-suffix=-4.5 --enable-linux-futex --without-system-libunwind --enable-gold --with-plugin-ld=/usr/bin/gold --with-arch-32=i586 --with-tune=generic --build=x86_64-suse-linux
Thread model: posix
gcc version 4.5.1 20101208 [gcc-4_5-branch revision 167585] (SUSE Linux) 
configure:2743: $? = 0
configure:2750: gcc -V >&5
gcc: '-V' option must have argument
configure:2753: $? = 1
configure:2776: checking for C compiler default output file name
configure:2803: gcc    conftest.c  >&5
configure:2806: $? = 0
configure:2852: result: a.out
configure:2857: checking whether the C compiler works
configure:2867: ./a.out
configure:2870: $? = 0
configure:2887: result: yes
configure:2894: checking whether we are cross compiling
configure:2896: result: no
configure:2899: checking for suffix of executables
configure:2906: gcc -o conftest    conftest.c  >&5
configure:2909: $? = 0
configure:2933: result: 
configure:2939: checking for suffix of object files
configure:2965: gcc -c   conftest.c >&5
configure:2968: $? = 0
configure:2991: result: o
configure:2995: checking whether we are using the GNU C compiler
configure:3024: gcc -c   conftest.c >&5
configure:3030: $? = 0
configure:3037: test -z "$ac_c_werror_flag" || test ! -s conftest.err
configure:3040: $? = 0
configure:3047: test -s conftest.o
configure:3050: $? = 0
configure:3064: result: yes
configure:3069: checking whether gcc accepts -g
configure:3099: gcc -c -g  conftest.c >&5
configure:3105: $? = 0
configure:3112: test -z "$ac_c_werror_flag" || test ! -s conftest.err
configure:3115: $? = 0
configure:3122: test -s conftest.o
configure:3125: $? = 0
configure:3255: result: yes
configure:3272: checking for gcc option to accept ISO C89
configure:3341: gcc  -c -g -O2  conftest.c >&5
configure:3347: $? = 0
configure:3354: test -z "$ac_c_werror_flag" || test ! -s conftest.err
configure:3357: $? = 0
configure:3364: test -s conftest.o
configure:3367: $? = 0
configure:3387: result: none needed
configure:3416: checking for style of include used by make
configure:3444: result: GNU
configure:3472: checking dependency style of gcc
configure:3562: result: gcc3
configure:3583: checking for gawk
configure:3610: result: gawk
configure:3634: checking for a BSD-compatible install
configure:3690: result: /usr/bin/install -c
configure:3779: checking build system type
configure:3797: result: x86_64-unknown-linux-gnu
configure:3819: checking host system type
configure:3834: result: x86_64-unknown-linux-gnu
configure:3856: checking for a sed that does not truncate output
configure:3910: result: /usr/bin/sed
configure:3913: checking for grep that handles long lines and -e
configure:3987: result: /usr/bin/grep
configure:3992: checking for egrep
configure:4070: result: /usr/bin/grep -E
configure:4086: checking for ld used by gcc
configure:4153: result: /usr/x86_64-suse-linux/bin/ld
configure:4162: checking if the linker (/usr/x86_64-suse-linux/bin/ld) is GNU ld
configure:4177: result: yes
configure:4182: checking for /usr/x86_64-suse-linux/bin/ld option to reload object files
configure:4189: result: -r
configure:4207: checking for BSD-compatible nm
configure:4256: result: /usr/bin/nm -B
configure:4260: checking whether ln -s works
configure:4264: result: yes
configure:4271: checking how to recognise dependent libraries
configure:4447: result: pass_all
configure:4535: gcc -c -g -O2  conftest.c >&5
configure:4538: $? = 0
configure:4697: checking how to run the C preprocessor
configure:4737: gcc -E  conftest.c
configure:4743: $? = 0
configure:4781: gcc -E  conftest.c
conftest.c:10:28: fatal error: ac_nonexistent.h: No such file or directory
compilation terminated.
configure:4787: $? = 1
configure: failed program was:
| /* confdefs.h.  */
| #define PACKAGE_NAME "csoap"
| #define PACKAGE_TARNAME "csoap"
| #define PACKAGE_VERSION "1.1.0"
| #define PACKAGE_STRING "csoap 1.1.0"
| #define PACKAGE_BUGREPORT ""
| #define PACKAGE "csoap"
| #define VERSION "1.1.0"
| /* end confdefs.h.  */
| #include <ac_nonexistent.h>
configure:4827: result: gcc -E
configure:4856: gcc -E  conftest.c
configure:4862: $? = 0
configure:4900: gcc -E  conftest.c
conftest.c:10:28: fatal error: ac_nonexistent.h: No such file or directory
compilation terminated.
configure:4906: $? = 1
configure: failed program was:
| /* confdefs.h.  */
| #define PACKAGE_NAME "csoap"
| #define PACKAGE_TARNAME "csoap"
| #define PACKAGE_VERSION "1.1.0"
| #define PACKAGE_STRING "csoap 1.1.0"
| #define PACKAGE_BUGREPORT ""
| #define PACKAGE "csoap"
| #define VERSION "1.1.0"
| /* end confdefs.h.  */
| #include <ac_nonexistent.h>
configure:4951: checking for ANSI C header files
configure:4981: gcc -c -g -O2  conftest.c >&5
configure:4987: $? = 0
configure:4994: test -z "$ac_c_werror_flag" || test ! -s conftest.err
configure:4997: $? = 0
configure:5004: test -s conftest.o
configure:5007: $? = 0
configure:5103: gcc -o conftest -g -O2   conftest.c  >&5
configure:5106: $? = 0
configure:5112: ./conftest
configure:5115: $? = 0
configure:5132: result: yes
configure:5156: checking for sys/types.h
configure:5177: gcc -c -g -O2  conftest.c >&5
configure:5183: $? = 0
configure:5190: test -z "$ac_c_werror_flag" || test ! -s conftest.err
configure:5193: $? = 0
configure:5200: test -s conftest.o
configure:5203: $? = 0
configure:5216: result: yes
configure:5156: checking for sys/stat.h
configure:5177: gcc -c -g -O2  conftest.c >&5
configure:5183: $? = 0
configure:5190: test -z "$ac_c_werror_flag" || test ! -s conftest.err
configure:5193: $? = 0
configure:5200: test -s conftest.o
configure:5203: $? = 0
configure:5216: result: yes
configure:5156: checking for stdlib.h
configure:5177: gcc -c -g -O2  conftest.c >&5
configure:5183: $? = 0
configure:5190: test -z "$ac_c_werror_flag" || test ! -s conftest.err
configure:5193: $? = 0
configure:5200: test -s conftest.o
configure:5203: $? = 0
configure:5216: result: yes
configure:5156: checking for string.h
configure:5177: gcc -c -g -O2  conftest.c >&5
configure:5183: $? = 0
configure:5190: test -z "$ac_c_werror_flag" || test ! -s conftest.err
configure:5193: $? = 0
configure:5200: test -s conftest.o
configure:5203: $? = 0
configure:5216: result: yes
configure:5156: checking for memory.h
configure:5177: gcc -c -g -O2  conftest.c >&5
configure:5183: $? = 0
configure:5190: test -z "$ac_c_werror_flag" || test ! -s conftest.err
configure:5193: $? = 0
configure:5200: test -s conftest.o
configure:5203: $? = 0
configure:5216: result: yes
configure:5156: checking for strings.h
configure:5177: gcc -c -g -O2  conftest.c >&5
configure:5183: $? = 0
configure:5190: test -z "$ac_c_werror_flag" || test ! -s conftest.err
configure:5193: $? = 0
configure:5200: test -s conftest.o
configure:5203: $? = 0
configure:5216: result: yes
configure:5156: checking for inttypes.h
configure:5177: gcc -c -g -O2  conftest.c >&5
configure:5183: $? = 0
configure:5190: test -z "$ac_c_werror_flag" || test ! -s conftest.err
configure:5193: $? = 0
configure:5200: test -s conftest.o
configure:5203: $? = 0
configure:5216: result: yes
configure:5156: checking for stdint.h
configure:5177: gcc -c -g -O2  conftest.c >&5
configure:5183: $? = 0
configure:5190: test -z "$ac_c_werror_flag" || test ! -s conftest.err
configure:5193: $? = 0
configure:5200: test -s conftest.o
configure:5203: $? = 0
configure:5216: result: yes
configure:5156: checking for unistd.h
configure:5177: gcc -c -g -O2  conftest.c >&5
configure:5183: $? = 0
configure:5190: test -z "$ac_c_werror_flag" || test ! -s conftest.err
configure:5193: $? = 0
configure:5200: test -s conftest.o
configure:5203: $? = 0
configure:5216: result: yes
configure:5243: checking dlfcn.h usability
configure:5260: gcc -c -g -O2  conftest.c >&5
configure:5266: $? = 0
configure:5273: test -z "$ac_c_werror_flag" || test ! -s conftest.err
configure:5276: $? = 0
configure:5283: test -s conftest.o
configure:5286: $? = 0
configure:5297: result: yes
configure:5301: checking dlfcn.h presence
configure:5316: gcc -E  conftest.c
configure:5322: $? = 0
configure:5343: result: yes
configure:5371: checking for dlfcn.h
configure:5379: result: yes
configure:5450: checking for g++
configure:5466: found /usr/bin/g++
configure:5477: result: g++
configure:5508: checking for C++ compiler version
configure:5515: g++ --version >&5
g++ (SUSE Linux) 4.5.1 20101208 [gcc-4_5-branch revision 167585]
Copyright (C) 2010 Free Software Foundation, Inc.
This is free software; see the source for copying conditions.  There is NO
warranty; not even for MERCHANTABILITY or FITNESS FOR A PARTICULAR PURPOSE.

configure:5518: $? = 0
configure:5525: g++ -v >&5
Using built-in specs.
COLLECT_GCC=g++
COLLECT_LTO_WRAPPER=/usr/lib64/gcc/x86_64-suse-linux/4.5/lto-wrapper
Target: x86_64-suse-linux
Configured with: ../configure --prefix=/usr --infodir=/usr/share/info --mandir=/usr/share/man --libdir=/usr/lib64 --libexecdir=/usr/lib64 --enable-languages=c,c++,objc,fortran,obj-c++,java,ada --enable-checking=release --with-gxx-include-dir=/usr/include/c++/4.5 --enable-ssp --disable-libssp --disable-plugin --with-bugurl=http://bugs.opensuse.org/ --with-pkgversion='SUSE Linux' --disable-libgcj --disable-libmudflap --with-slibdir=/lib64 --with-system-zlib --enable-__cxa_atexit --enable-libstdcxx-allocator=new --disable-libstdcxx-pch --enable-version-specific-runtime-libs --program-suffix=-4.5 --enable-linux-futex --without-system-libunwind --enable-gold --with-plugin-ld=/usr/bin/gold --with-arch-32=i586 --with-tune=generic --build=x86_64-suse-linux
Thread model: posix
gcc version 4.5.1 20101208 [gcc-4_5-branch revision 167585] (SUSE Linux) 
configure:5528: $? = 0
configure:5535: g++ -V >&5
g++: '-V' option must have argument
configure:5538: $? = 1
configure:5541: checking whether we are using the GNU C++ compiler
configure:5570: g++ -c   conftest.cpp >&5
configure:5576: $? = 0
configure:5583: test -z "$ac_cxx_werror_flag" || test ! -s conftest.err
configure:5586: $? = 0
configure:5593: test -s conftest.o
configure:5596: $? = 0
configure:5610: result: yes
configure:5615: checking whether g++ accepts -g
configure:5645: g++ -c -g  conftest.cpp >&5
configure:5651: $? = 0
configure:5658: test -z "$ac_cxx_werror_flag" || test ! -s conftest.err
configure:5661: $? = 0
configure:5668: test -s conftest.o
configure:5671: $? = 0
configure:5801: result: yes
configure:5826: checking dependency style of g++
configure:5916: result: gcc3
configure:5943: checking how to run the C++ preprocessor
configure:5979: g++ -E  conftest.cpp
configure:5985: $? = 0
configure:6023: g++ -E  conftest.cpp
conftest.cpp:21:28: fatal error: ac_nonexistent.h: No such file or directory
compilation terminated.
configure:6029: $? = 1
configure: failed program was:
| /* confdefs.h.  */
| #define PACKAGE_NAME "csoap"
| #define PACKAGE_TARNAME "csoap"
| #define PACKAGE_VERSION "1.1.0"
| #define PACKAGE_STRING "csoap 1.1.0"
| #define PACKAGE_BUGREPORT ""
| #define PACKAGE "csoap"
| #define VERSION "1.1.0"
| #define STDC_HEADERS 1
| #define HAVE_SYS_TYPES_H 1
| #define HAVE_SYS_STAT_H 1
| #define HAVE_STDLIB_H 1
| #define HAVE_STRING_H 1
| #define HAVE_MEMORY_H 1
| #define HAVE_STRINGS_H 1
| #define HAVE_INTTYPES_H 1
| #define HAVE_STDINT_H 1
| #define HAVE_UNISTD_H 1
| #define HAVE_DLFCN_H 1
| /* end confdefs.h.  */
| #include <ac_nonexistent.h>
configure:6069: result: g++ -E
configure:6098: g++ -E  conftest.cpp
configure:6104: $? = 0
configure:6142: g++ -E  conftest.cpp
conftest.cpp:21:28: fatal error: ac_nonexistent.h: No such file or directory
compilation terminated.
configure:6148: $? = 1
configure: failed program was:
| /* confdefs.h.  */
| #define PACKAGE_NAME "csoap"
| #define PACKAGE_TARNAME "csoap"
| #define PACKAGE_VERSION "1.1.0"
| #define PACKAGE_STRING "csoap 1.1.0"
| #define PACKAGE_BUGREPORT ""
| #define PACKAGE "csoap"
| #define VERSION "1.1.0"
| #define STDC_HEADERS 1
| #define HAVE_SYS_TYPES_H 1
| #define HAVE_SYS_STAT_H 1
| #define HAVE_STDLIB_H 1
| #define HAVE_STRING_H 1
| #define HAVE_MEMORY_H 1
| #define HAVE_STRINGS_H 1
| #define HAVE_INTTYPES_H 1
| #define HAVE_STDINT_H 1
| #define HAVE_UNISTD_H 1
| #define HAVE_DLFCN_H 1
| /* end confdefs.h.  */
| #include <ac_nonexistent.h>
configure:6248: checking for g77
configure:6278: result: no
configure:6248: checking for f77
configure:6278: result: no
configure:6248: checking for xlf
configure:6278: result: no
configure:6248: checking for frt
configure:6278: result: no
configure:6248: checking for pgf77
configure:6278: result: no
configure:6248: checking for cf77
configure:6278: result: no
configure:6248: checking for fort77
configure:6278: result: no
configure:6248: checking for fl32
configure:6278: result: no
configure:6248: checking for af77
configure:6278: result: no
configure:6248: checking for f90
configure:6278: result: no
configure:6248: checking for xlf90
configure:6278: result: no
configure:6248: checking for pgf90
configure:6278: result: no
configure:6248: checking for pghpf
configure:6278: result: no
configure:6248: checking for epcf90
configure:6278: result: no
configure:6248: checking for gfortran
configure:6278: result: no
configure:6248: checking for g95
configure:6278: result: no
configure:6248: checking for f95
configure:6278: result: no
configure:6248: checking for fort
configure:6278: result: no
configure:6248: checking for xlf95
configure:6278: result: no
configure:6248: checking for ifort
configure:6278: result: no
configure:6248: checking for ifc
configure:6278: result: no
configure:6248: checking for efc
configure:6278: result: no
configure:6248: checking for pgf95
configure:6278: result: no
configure:6248: checking for lf95
configure:6278: result: no
configure:6248: checking for ftn
configure:6278: result: no
configure:6305: checking for Fortran 77 compiler version
configure:6312:  --version >&5
./configure: line 6313: --version: command not found
configure:6315: $? = 127
configure:6322:  -v >&5
./configure: line 6323: -v: command not found
configure:6325: $? = 127
configure:6332:  -V >&5
./configure: line 6333: -V: command not found
configure:6335: $? = 127
configure:6343: checking whether we are using the GNU Fortran 77 compiler
configure:6362:  -c  conftest.F >&5
./configure: line 6363: -c: command not found
configure:6368: $? = 127
configure: failed program was:
|       program main
| #ifndef __GNUC__
|        choke me
| #endif
| 
|       end
configure:6402: result: no
configure:6408: checking whether  accepts -g
configure:6425:  -c -g conftest.f >&5
./configure: line 6426: -c: command not found
configure:6431: $? = 127
configure: failed program was:
|       program main
| 
|       end
configure:6464: result: no
configure:6494: checking the maximum length of command line arguments
configure:6603: result: 32768
configure:6614: checking command to parse /usr/bin/nm -B output from gcc object
configure:6719: gcc -c -g -O2  conftest.c >&5
configure:6722: $? = 0
configure:6726: /usr/bin/nm -B conftest.o \| sed -n -e 's/^.*[ 	]\([ABCDGIRSTW][ABCDGIRSTW]*\)[ 	][ 	]*\([_A-Za-z][_A-Za-z0-9]*\)$/\1 \2 \2/p' \> conftest.nm
configure:6729: $? = 0
configure:6781: gcc -o conftest -g -O2   conftest.c conftstm.o >&5
configure:6784: $? = 0
configure:6822: result: ok
configure:6826: checking for objdir
configure:6841: result: .libs
configure:6933: checking for ar
configure:6949: found /usr/bin/ar
configure:6960: result: ar
configure:7029: checking for ranlib
configure:7045: found /usr/bin/ranlib
configure:7056: result: ranlib
configure:7125: checking for strip
configure:7141: found /usr/bin/strip
configure:7152: result: strip
configure:7438: checking if gcc supports -fno-rtti -fno-exceptions
configure:7456: gcc -c -g -O2  -fno-rtti -fno-exceptions conftest.c >&5
cc1: warning: command line option "-fno-rtti" is valid for C++/ObjC++ but not for C
configure:7460: $? = 0
configure:7473: result: no
configure:7488: checking for gcc option to produce PIC
configure:7698: result: -fPIC
configure:7706: checking if gcc PIC flag -fPIC works
configure:7724: gcc -c -g -O2  -fPIC -DPIC conftest.c >&5
configure:7728: $? = 0
configure:7741: result: yes
configure:7769: checking if gcc static flag -static works
configure:7797: result: yes
configure:7807: checking if gcc supports -c -o file.o
configure:7828: gcc -c -g -O2  -o out/conftest2.o conftest.c >&5
configure:7832: $? = 0
configure:7854: result: yes
configure:7880: checking whether the gcc linker (/usr/x86_64-suse-linux/bin/ld -m elf_x86_64) supports shared libraries
configure:8867: result: yes
configure:8888: checking whether -lc should be explicitly linked in
configure:8893: gcc -c -g -O2  conftest.c >&5
configure:8896: $? = 0
configure:8911: gcc -shared conftest.o  -v -Wl,-soname -Wl,conftest -o conftest 2\>\&1 \| grep  -lc  \>/dev/null 2\>\&1
configure:8914: $? = 0
configure:8926: result: no
configure:8934: checking dynamic linker characteristics
configure:9510: result: GNU/Linux ld.so
configure:9519: checking how to hardcode library paths into programs
configure:9544: result: immediate
configure:9558: checking whether stripping libraries is possible
configure:9563: result: yes
configure:10476: checking if libtool supports shared libraries
configure:10478: result: yes
configure:10481: checking whether to build shared libraries
configure:10502: result: yes
configure:10505: checking whether to build static libraries
configure:10509: result: yes
configure:10601: creating libtool
configure:11189: checking for ld used by g++
configure:11256: result: /usr/x86_64-suse-linux/bin/ld -m elf_x86_64
configure:11265: checking if the linker (/usr/x86_64-suse-linux/bin/ld -m elf_x86_64) is GNU ld
configure:11280: result: yes
configure:11331: checking whether the g++ linker (/usr/x86_64-suse-linux/bin/ld -m elf_x86_64) supports shared libraries
configure:12297: result: yes
configure:12315: g++ -c -g -O2  conftest.cpp >&5
configure:12318: $? = 0
configure:12437: checking for g++ option to produce PIC
configure:12711: result: -fPIC
configure:12719: checking if g++ PIC flag -fPIC works
configure:12737: g++ -c -g -O2  -fPIC -DPIC conftest.cpp >&5
configure:12741: $? = 0
configure:12754: result: yes
configure:12782: checking if g++ static flag -static works
configure:12810: result: yes
configure:12820: checking if g++ supports -c -o file.o
configure:12841: g++ -c -g -O2  -o out/conftest2.o conftest.cpp >&5
configure:12845: $? = 0
configure:12867: result: yes
configure:12893: checking whether the g++ linker (/usr/x86_64-suse-linux/bin/ld -m elf_x86_64) supports shared libraries
configure:12921: result: yes
configure:12988: checking dynamic linker characteristics
configure:13564: result: GNU/Linux ld.so
configure:13573: checking how to hardcode library paths into programs
configure:13598: result: immediate
configure:19798: checking for ANSI C header files
configure:19979: result: yes
configure:19989: checking whether time.h and sys/time.h may both be included
configure:20019: gcc -c -g -O2  conftest.c >&5
configure:20025: $? = 0
configure:20032: test -z "$ac_c_werror_flag" || test ! -s conftest.err
configure:20035: $? = 0
configure:20042: test -s conftest.o
configure:20045: $? = 0
configure:20057: result: yes
configure:20102: checking arpa/inet.h usability
configure:20119: gcc -c -g -O2  conftest.c >&5
configure:20125: $? = 0
configure:20132: test -z "$ac_c_werror_flag" || test ! -s conftest.err
configure:20135: $? = 0
configure:20142: test -s conftest.o
configure:20145: $? = 0
configure:20156: result: yes
configure:20160: checking arpa/inet.h presence
configure:20175: gcc -E  conftest.c
configure:20181: $? = 0
configure:20202: result: yes
configure:20230: checking for arpa/inet.h
configure:20238: result: yes
configure:20102: checking fcntl.h usability
configure:20119: gcc -c -g -O2  conftest.c >&5
configure:20125: $? = 0
configure:20132: test -z "$ac_c_werror_flag" || test ! -s conftest.err
configure:20135: $? = 0
configure:20142: test -s conftest.o
configure:20145: $? = 0
configure:20156: result: yes
configure:20160: checking fcntl.h presence
configure:20175: gcc -E  conftest.c
configure:20181: $? = 0
configure:20202: result: yes
configure:20230: checking for fcntl.h
configure:20238: result: yes
configure:20092: checking for inttypes.h
configure:20098: result: yes
configure:20102: checking malloc.h usability
configure:20119: gcc -c -g -O2  conftest.c >&5
configure:20125: $? = 0
configure:20132: test -z "$ac_c_werror_flag" || test ! -s conftest.err
configure:20135: $? = 0
configure:20142: test -s conftest.o
configure:20145: $? = 0
configure:20156: result: yes
configure:20160: checking malloc.h presence
configure:20175: gcc -E  conftest.c
configure:20181: $? = 0
configure:20202: result: yes
configure:20230: checking for malloc.h
configure:20238: result: yes
configure:20102: checking netdb.h usability
configure:20119: gcc -c -g -O2  conftest.c >&5
configure:20125: $? = 0
configure:20132: test -z "$ac_c_werror_flag" || test ! -s conftest.err
configure:20135: $? = 0
configure:20142: test -s conftest.o
configure:20145: $? = 0
configure:20156: result: yes
configure:20160: checking netdb.h presence
configure:20175: gcc -E  conftest.c
configure:20181: $? = 0
configure:20202: result: yes
configure:20230: checking for netdb.h
configure:20238: result: yes
configure:20102: checking netinet/in.h usability
configure:20119: gcc -c -g -O2  conftest.c >&5
configure:20125: $? = 0
configure:20132: test -z "$ac_c_werror_flag" || test ! -s conftest.err
configure:20135: $? = 0
configure:20142: test -s conftest.o
configure:20145: $? = 0
configure:20156: result: yes
configure:20160: checking netinet/in.h presence
configure:20175: gcc -E  conftest.c
configure:20181: $? = 0
configure:20202: result: yes
configure:20230: checking for netinet/in.h
configure:20238: result: yes
configure:20092: checking for stdint.h
configure:20098: result: yes
configure:20092: checking for stdlib.h
configure:20098: result: yes
configure:20102: checking signal.h usability
configure:20119: gcc -c -g -O2  conftest.c >&5
configure:20125: $? = 0
configure:20132: test -z "$ac_c_werror_flag" || test ! -s conftest.err
configure:20135: $? = 0
configure:20142: test -s conftest.o
configure:20145: $? = 0
configure:20156: result: yes
configure:20160: checking signal.h presence
configure:20175: gcc -E  conftest.c
configure:20181: $? = 0
configure:20202: result: yes
configure:20230: checking for signal.h
configure:20238: result: yes
configure:20102: checking pthread.h usability
configure:20119: gcc -c -g -O2  conftest.c >&5
configure:20125: $? = 0
configure:20132: test -z "$ac_c_werror_flag" || test ! -s conftest.err
configure:20135: $? = 0
configure:20142: test -s conftest.o
configure:20145: $? = 0
configure:20156: result: yes
configure:20160: checking pthread.h presence
configure:20175: gcc -E  conftest.c
configure:20181: $? = 0
configure:20202: result: yes
configure:20230: checking for pthread.h
configure:20238: result: yes
configure:20092: checking for string.h
configure:20098: result: yes
configure:20102: checking sys/socket.h usability
configure:20119: gcc -c -g -O2  conftest.c >&5
configure:20125: $? = 0
configure:20132: test -z "$ac_c_werror_flag" || test ! -s conftest.err
configure:20135: $? = 0
configure:20142: test -s conftest.o
configure:20145: $? = 0
configure:20156: result: yes
configure:20160: checking sys/socket.h presence
configure:20175: gcc -E  conftest.c
configure:20181: $? = 0
configure:20202: result: yes
configure:20230: checking for sys/socket.h
configure:20238: result: yes
configure:20102: checking sys/time.h usability
configure:20119: gcc -c -g -O2  conftest.c >&5
configure:20125: $? = 0
configure:20132: test -z "$ac_c_werror_flag" || test ! -s conftest.err
configure:20135: $? = 0
configure:20142: test -s conftest.o
configure:20145: $? = 0
configure:20156: result: yes
configure:20160: checking sys/time.h presence
configure:20175: gcc -E  conftest.c
configure:20181: $? = 0
configure:20202: result: yes
configure:20230: checking for sys/time.h
configure:20238: result: yes
configure:20092: checking for unistd.h
configure:20098: result: yes
configure:20102: checking io.h usability
configure:20119: gcc -c -g -O2  conftest.c >&5
conftest.c:70:16: fatal error: io.h: No such file or directory
compilation terminated.
configure:20125: $? = 1
configure: failed program was:
| /* confdefs.h.  */
| #define PACKAGE_NAME "csoap"
| #define PACKAGE_TARNAME "csoap"
| #define PACKAGE_VERSION "1.1.0"
| #define PACKAGE_STRING "csoap 1.1.0"
| #define PACKAGE_BUGREPORT ""
| #define PACKAGE "csoap"
| #define VERSION "1.1.0"
| #define STDC_HEADERS 1
| #define HAVE_SYS_TYPES_H 1
| #define HAVE_SYS_STAT_H 1
| #define HAVE_STDLIB_H 1
| #define HAVE_STRING_H 1
| #define HAVE_MEMORY_H 1
| #define HAVE_STRINGS_H 1
| #define HAVE_INTTYPES_H 1
| #define HAVE_STDINT_H 1
| #define HAVE_UNISTD_H 1
| #define HAVE_DLFCN_H 1
| #define STDC_HEADERS 1
| #define TIME_WITH_SYS_TIME 1
| #define HAVE_ARPA_INET_H 1
| #define HAVE_FCNTL_H 1
| #define HAVE_INTTYPES_H 1
| #define HAVE_MALLOC_H 1
| #define HAVE_NETDB_H 1
| #define HAVE_NETINET_IN_H 1
| #define HAVE_STDINT_H 1
| #define HAVE_STDLIB_H 1
| #define HAVE_SIGNAL_H 1
| #define HAVE_PTHREAD_H 1
| #define HAVE_STRING_H 1
| #define HAVE_SYS_SOCKET_H 1
| #define HAVE_SYS_TIME_H 1
| #define HAVE_UNISTD_H 1
| /* end confdefs.h.  */
| #include <stdio.h>
| #if HAVE_SYS_TYPES_H
| # include <sys/types.h>
| #endif
| #if HAVE_SYS_STAT_H
| # include <sys/stat.h>
| #endif
| #if STDC_HEADERS
| # include <stdlib.h>
| # include <stddef.h>
| #else
| # if HAVE_STDLIB_H
| #  include <stdlib.h>
| # endif
| #endif
| #if HAVE_STRING_H
| # if !STDC_HEADERS && HAVE_MEMORY_H
| #  include <memory.h>
| # endif
| # include <string.h>
| #endif
| #if HAVE_STRINGS_H
| # include <strings.h>
| #endif
| #if HAVE_INTTYPES_H
| # include <inttypes.h>
| #endif
| #if HAVE_STDINT_H
| # include <stdint.h>
| #endif
| #if HAVE_UNISTD_H
| # include <unistd.h>
| #endif
| #include <io.h>
configure:20156: result: no
configure:20160: checking io.h presence
configure:20175: gcc -E  conftest.c
conftest.c:37:16: fatal error: io.h: No such file or directory
compilation terminated.
configure:20181: $? = 1
configure: failed program was:
| /* confdefs.h.  */
| #define PACKAGE_NAME "csoap"
| #define PACKAGE_TARNAME "csoap"
| #define PACKAGE_VERSION "1.1.0"
| #define PACKAGE_STRING "csoap 1.1.0"
| #define PACKAGE_BUGREPORT ""
| #define PACKAGE "csoap"
| #define VERSION "1.1.0"
| #define STDC_HEADERS 1
| #define HAVE_SYS_TYPES_H 1
| #define HAVE_SYS_STAT_H 1
| #define HAVE_STDLIB_H 1
| #define HAVE_STRING_H 1
| #define HAVE_MEMORY_H 1
| #define HAVE_STRINGS_H 1
| #define HAVE_INTTYPES_H 1
| #define HAVE_STDINT_H 1
| #define HAVE_UNISTD_H 1
| #define HAVE_DLFCN_H 1
| #define STDC_HEADERS 1
| #define TIME_WITH_SYS_TIME 1
| #define HAVE_ARPA_INET_H 1
| #define HAVE_FCNTL_H 1
| #define HAVE_INTTYPES_H 1
| #define HAVE_MALLOC_H 1
| #define HAVE_NETDB_H 1
| #define HAVE_NETINET_IN_H 1
| #define HAVE_STDINT_H 1
| #define HAVE_STDLIB_H 1
| #define HAVE_SIGNAL_H 1
| #define HAVE_PTHREAD_H 1
| #define HAVE_STRING_H 1
| #define HAVE_SYS_SOCKET_H 1
| #define HAVE_SYS_TIME_H 1
| #define HAVE_UNISTD_H 1
| /* end confdefs.h.  */
| #include <io.h>
configure:20202: result: no
configure:20230: checking for io.h
configure:20238: result: no
configure:20102: checking stdio.h usability
configure:20119: gcc -c -g -O2  conftest.c >&5
configure:20125: $? = 0
configure:20132: test -z "$ac_c_werror_flag" || test ! -s conftest.err
configure:20135: $? = 0
configure:20142: test -s conftest.o
configure:20145: $? = 0
configure:20156: result: yes
configure:20160: checking stdio.h presence
configure:20175: gcc -E  conftest.c
configure:20181: $? = 0
configure:20202: result: yes
configure:20230: checking for stdio.h
configure:20238: result: yes
configure:20102: checking stdarg.h usability
configure:20119: gcc -c -g -O2  conftest.c >&5
configure:20125: $? = 0
configure:20132: test -z "$ac_c_werror_flag" || test ! -s conftest.err
configure:20135: $? = 0
configure:20142: test -s conftest.o
configure:20145: $? = 0
configure:20156: result: yes
configure:20160: checking stdarg.h presence
configure:20175: gcc -E  conftest.c
configure:20181: $? = 0
configure:20202: result: yes
configure:20230: checking for stdarg.h
configure:20238: result: yes
configure:20102: checking errno.h usability
configure:20119: gcc -c -g -O2  conftest.c >&5
configure:20125: $? = 0
configure:20132: test -z "$ac_c_werror_flag" || test ! -s conftest.err
configure:20135: $? = 0
configure:20142: test -s conftest.o
configure:20145: $? = 0
configure:20156: result: yes
configure:20160: checking errno.h presence
configure:20175: gcc -E  conftest.c
configure:20181: $? = 0
configure:20202: result: yes
configure:20230: checking for errno.h
configure:20238: result: yes
configure:20102: checking ctype.h usability
configure:20119: gcc -c -g -O2  conftest.c >&5
configure:20125: $? = 0
configure:20132: test -z "$ac_c_werror_flag" || test ! -s conftest.err
configure:20135: $? = 0
configure:20142: test -s conftest.o
configure:20145: $? = 0
configure:20156: result: yes
configure:20160: checking ctype.h presence
configure:20175: gcc -E  conftest.c
configure:20181: $? = 0
configure:20202: result: yes
configure:20230: checking for ctype.h
configure:20238: result: yes
configure:20102: checking openssl/rand.h usability
configure:20119: gcc -c -g -O2  conftest.c >&5
configure:20125: $? = 0
configure:20132: test -z "$ac_c_werror_flag" || test ! -s conftest.err
configure:20135: $? = 0
configure:20142: test -s conftest.o
configure:20145: $? = 0
configure:20156: result: yes
configure:20160: checking openssl/rand.h presence
configure:20175: gcc -E  conftest.c
configure:20181: $? = 0
configure:20202: result: yes
configure:20230: checking for openssl/rand.h
configure:20238: result: yes
configure:20102: checking openssl/err.h usability
configure:20119: gcc -c -g -O2  conftest.c >&5
configure:20125: $? = 0
configure:20132: test -z "$ac_c_werror_flag" || test ! -s conftest.err
configure:20135: $? = 0
configure:20142: test -s conftest.o
configure:20145: $? = 0
configure:20156: result: yes
configure:20160: checking openssl/err.h presence
configure:20175: gcc -E  conftest.c
configure:20181: $? = 0
configure:20202: result: yes
configure:20230: checking for openssl/err.h
configure:20238: result: yes
configure:20252: checking for an ANSI C-conforming const
configure:20327: gcc -c -g -O2  conftest.c >&5
configure:20333: $? = 0
configure:20340: test -z "$ac_c_werror_flag" || test ! -s conftest.err
configure:20343: $? = 0
configure:20350: test -s conftest.o
configure:20353: $? = 0
configure:20365: result: yes
configure:20375: checking whether struct tm is in sys/time.h or time.h
configure:20403: gcc -c -g -O2  conftest.c >&5
configure:20409: $? = 0
configure:20416: test -z "$ac_c_werror_flag" || test ! -s conftest.err
configure:20419: $? = 0
configure:20426: test -s conftest.o
configure:20429: $? = 0
configure:20441: result: time.h
configure:20452: checking return type of signal handlers
configure:20480: gcc -c -g -O2  conftest.c >&5
conftest.c: In function 'main':
conftest.c:49:1: error: void value not ignored as it ought to be
configure:20486: $? = 1
configure: failed program was:
| /* confdefs.h.  */
| #define PACKAGE_NAME "csoap"
| #define PACKAGE_TARNAME "csoap"
| #define PACKAGE_VERSION "1.1.0"
| #define PACKAGE_STRING "csoap 1.1.0"
| #define PACKAGE_BUGREPORT ""
| #define PACKAGE "csoap"
| #define VERSION "1.1.0"
| #define STDC_HEADERS 1
| #define HAVE_SYS_TYPES_H 1
| #define HAVE_SYS_STAT_H 1
| #define HAVE_STDLIB_H 1
| #define HAVE_STRING_H 1
| #define HAVE_MEMORY_H 1
| #define HAVE_STRINGS_H 1
| #define HAVE_INTTYPES_H 1
| #define HAVE_STDINT_H 1
| #define HAVE_UNISTD_H 1
| #define HAVE_DLFCN_H 1
| #define STDC_HEADERS 1
| #define TIME_WITH_SYS_TIME 1
| #define HAVE_ARPA_INET_H 1
| #define HAVE_FCNTL_H 1
| #define HAVE_INTTYPES_H 1
| #define HAVE_MALLOC_H 1
| #define HAVE_NETDB_H 1
| #define HAVE_NETINET_IN_H 1
| #define HAVE_STDINT_H 1
| #define HAVE_STDLIB_H 1
| #define HAVE_SIGNAL_H 1
| #define HAVE_PTHREAD_H 1
| #define HAVE_STRING_H 1
| #define HAVE_SYS_SOCKET_H 1
| #define HAVE_SYS_TIME_H 1
| #define HAVE_UNISTD_H 1
| #define HAVE_STDIO_H 1
| #define HAVE_STDARG_H 1
| #define HAVE_ERRNO_H 1
| #define HAVE_CTYPE_H 1
| #define HAVE_OPENSSL_RAND_H 1
| #define HAVE_OPENSSL_ERR_H 1
| /* end confdefs.h.  */
| #include <sys/types.h>
| #include <signal.h>
| 
| int
| main ()
| {
| return *(signal (0, 0)) (0) == 1;
|   ;
|   return 0;
| }
configure:20518: result: void
configure:20527: checking for size_t
configure:20557: gcc -c -g -O2  conftest.c >&5
configure:20563: $? = 0
configure:20570: test -z "$ac_c_werror_flag" || test ! -s conftest.err
configure:20573: $? = 0
configure:20580: test -s conftest.o
configure:20583: $? = 0
configure:20595: result: yes
configure:20607: checking for ssize_t
configure:20637: gcc -c -g -O2  conftest.c >&5
configure:20643: $? = 0
configure:20650: test -z "$ac_c_werror_flag" || test ! -s conftest.err
configure:20653: $? = 0
configure:20660: test -s conftest.o
configure:20663: $? = 0
configure:20675: result: yes
configure:20693: checking for stdlib.h
configure:20699: result: yes
configure:20852: checking for GNU libc compatible malloc
configure:20886: gcc -o conftest -g -O2   conftest.c  >&5
configure:20889: $? = 0
configure:20895: ./conftest
configure:20898: $? = 0
configure:20914: result: yes
configure:20946: checking for vprintf
configure:21002: gcc -o conftest -g -O2   conftest.c  >&5
conftest.c:69:6: warning: conflicting types for built-in function 'vprintf'
configure:21008: $? = 0
configure:21015: test -z "$ac_c_werror_flag" || test ! -s conftest.err
configure:21018: $? = 0
configure:21025: test -s conftest
configure:21028: $? = 0
configure:21042: result: yes
configure:21049: checking for _doprnt
configure:21105: gcc -o conftest -g -O2   conftest.c  >&5
/tmp/ccUMXLPQ.o: In function `main':
/home/lehrig/cc/priv/pvbaddon/foreign/csoap/libsoap-1.1.0/conftest.c:81: undefined reference to `_doprnt'
collect2: ld returned 1 exit status
configure:21111: $? = 1
configure: failed program was:
| /* confdefs.h.  */
| #define PACKAGE_NAME "csoap"
| #define PACKAGE_TARNAME "csoap"
| #define PACKAGE_VERSION "1.1.0"
| #define PACKAGE_STRING "csoap 1.1.0"
| #define PACKAGE_BUGREPORT ""
| #define PACKAGE "csoap"
| #define VERSION "1.1.0"
| #define STDC_HEADERS 1
| #define HAVE_SYS_TYPES_H 1
| #define HAVE_SYS_STAT_H 1
| #define HAVE_STDLIB_H 1
| #define HAVE_STRING_H 1
| #define HAVE_MEMORY_H 1
| #define HAVE_STRINGS_H 1
| #define HAVE_INTTYPES_H 1
| #define HAVE_STDINT_H 1
| #define HAVE_UNISTD_H 1
| #define HAVE_DLFCN_H 1
| #define STDC_HEADERS 1
| #define TIME_WITH_SYS_TIME 1
| #define HAVE_ARPA_INET_H 1
| #define HAVE_FCNTL_H 1
| #define HAVE_INTTYPES_H 1
| #define HAVE_MALLOC_H 1
| #define HAVE_NETDB_H 1
| #define HAVE_NETINET_IN_H 1
| #define HAVE_STDINT_H 1
| #define HAVE_STDLIB_H 1
| #define HAVE_SIGNAL_H 1
| #define HAVE_PTHREAD_H 1
| #define HAVE_STRING_H 1
| #define HAVE_SYS_SOCKET_H 1
| #define HAVE_SYS_TIME_H 1
| #define HAVE_UNISTD_H 1
| #define HAVE_STDIO_H 1
| #define HAVE_STDARG_H 1
| #define HAVE_ERRNO_H 1
| #define HAVE_CTYPE_H 1
| #define HAVE_OPENSSL_RAND_H 1
| #define HAVE_OPENSSL_ERR_H 1
| #define RETSIGTYPE void
| #define HAVE_STDLIB_H 1
| #define HAVE_MALLOC 1
| #define HAVE_VPRINTF 1
| /* end confdefs.h.  */
| /* Define _doprnt to an innocuous variant, in case <limits.h> declares _doprnt.
|    For example, HP-UX 11i <limits.h> declares gettimeofday.  */
| #define _doprnt innocuous__doprnt
| 
| /* System header to define __stub macros and hopefully few prototypes,
|     which can conflict with char _doprnt (); below.
|     Prefer <limits.h> to <assert.h> if __STDC__ is defined, since
|     <limits.h> exists even on freestanding compilers.  */
| 
| #ifdef __STDC__
| # include <limits.h>
| #else
| # include <assert.h>
| #endif
| 
| #undef _doprnt
| 
| /* Override any GCC internal prototype to avoid an error.
|    Use char because int might match the return type of a GCC
|    builtin and then its argument prototype would still apply.  */
| #ifdef __cplusplus
| extern "C"
| #endif
| char _doprnt ();
| /* The GNU C library defines this for functions which it implements
|     to always fail with ENOSYS.  Some functions are actually named
|     something starting with __ and the normal name is an alias.  */
| #if defined __stub__doprnt || defined __stub____doprnt
| choke me
| #endif
| 
| int
| main ()
| {
| return _doprnt ();
|   ;
|   return 0;
| }
configure:21144: result: no
configure:21162: checking for strftime
configure:21218: gcc -o conftest -g -O2   conftest.c  >&5
conftest.c:70:6: warning: conflicting types for built-in function 'strftime'
configure:21224: $? = 0
configure:21231: test -z "$ac_c_werror_flag" || test ! -s conftest.err
configure:21234: $? = 0
configure:21241: test -s conftest
configure:21244: $? = 0
configure:21258: result: yes
configure:21371: checking sys/select.h usability
configure:21388: gcc -c -g -O2  conftest.c >&5
configure:21394: $? = 0
configure:21401: test -z "$ac_c_werror_flag" || test ! -s conftest.err
configure:21404: $? = 0
configure:21411: test -s conftest.o
configure:21414: $? = 0
configure:21425: result: yes
configure:21429: checking sys/select.h presence
configure:21444: gcc -E  conftest.c
configure:21450: $? = 0
configure:21471: result: yes
configure:21499: checking for sys/select.h
configure:21507: result: yes
configure:21361: checking for sys/socket.h
configure:21367: result: yes
configure:21520: checking types of arguments for select
configure:21558: gcc -c -g -O2  conftest.c >&5
configure:21564: $? = 0
configure:21571: test -z "$ac_c_werror_flag" || test ! -s conftest.err
configure:21574: $? = 0
configure:21581: test -s conftest.o
configure:21584: $? = 0
configure:21602: result: int,fd_set *,struct timeval *
configure:21642: checking for gethostbyname
configure:21698: gcc -o conftest -g -O2   conftest.c  >&5
configure:21704: $? = 0
configure:21711: test -z "$ac_c_werror_flag" || test ! -s conftest.err
configure:21714: $? = 0
configure:21721: test -s conftest
configure:21724: $? = 0
configure:21738: result: yes
configure:21642: checking for inet_ntoa
configure:21698: gcc -o conftest -g -O2   conftest.c  >&5
configure:21704: $? = 0
configure:21711: test -z "$ac_c_werror_flag" || test ! -s conftest.err
configure:21714: $? = 0
configure:21721: test -s conftest
configure:21724: $? = 0
configure:21738: result: yes
configure:21642: checking for memmove
configure:21698: gcc -o conftest -g -O2   conftest.c  >&5
conftest.c:78:6: warning: conflicting types for built-in function 'memmove'
configure:21704: $? = 0
configure:21711: test -z "$ac_c_werror_flag" || test ! -s conftest.err
configure:21714: $? = 0
configure:21721: test -s conftest
configure:21724: $? = 0
configure:21738: result: yes
configure:21642: checking for memset
configure:21698: gcc -o conftest -g -O2   conftest.c  >&5
conftest.c:79:6: warning: conflicting types for built-in function 'memset'
configure:21704: $? = 0
configure:21711: test -z "$ac_c_werror_flag" || test ! -s conftest.err
configure:21714: $? = 0
configure:21721: test -s conftest
configure:21724: $? = 0
configure:21738: result: yes
configure:21642: checking for mkdir
configure:21698: gcc -o conftest -g -O2   conftest.c  >&5
configure:21704: $? = 0
configure:21711: test -z "$ac_c_werror_flag" || test ! -s conftest.err
configure:21714: $? = 0
configure:21721: test -s conftest
configure:21724: $? = 0
configure:21738: result: yes
configure:21642: checking for select
configure:21698: gcc -o conftest -g -O2   conftest.c  >&5
configure:21704: $? = 0
configure:21711: test -z "$ac_c_werror_flag" || test ! -s conftest.err
configure:21714: $? = 0
configure:21721: test -s conftest
configure:21724: $? = 0
configure:21738: result: yes
configure:21642: checking for socket
configure:21698: gcc -o conftest -g -O2   conftest.c  >&5
configure:21704: $? = 0
configure:21711: test -z "$ac_c_werror_flag" || test ! -s conftest.err
configure:21714: $? = 0
configure:21721: test -s conftest
configure:21724: $? = 0
configure:21738: result: yes
configure:21642: checking for strchr
configure:21698: gcc -o conftest -g -O2   conftest.c  >&5
conftest.c:83:6: warning: conflicting types for built-in function 'strchr'
configure:21704: $? = 0
configure:21711: test -z "$ac_c_werror_flag" || test ! -s conftest.err
configure:21714: $? = 0
configure:21721: test -s conftest
configure:21724: $? = 0
configure:21738: result: yes
configure:21642: checking for strdup
configure:21698: gcc -o conftest -g -O2   conftest.c  >&5
conftest.c:84:6: warning: conflicting types for built-in function 'strdup'
configure:21704: $? = 0
configure:21711: test -z "$ac_c_werror_flag" || test ! -s conftest.err
configure:21714: $? = 0
configure:21721: test -s conftest
configure:21724: $? = 0
configure:21738: result: yes
configure:21642: checking for strncasecmp
configure:21698: gcc -o conftest -g -O2   conftest.c  >&5
conftest.c:85:6: warning: conflicting types for built-in function 'strncasecmp'
configure:21704: $? = 0
configure:21711: test -z "$ac_c_werror_flag" || test ! -s conftest.err
configure:21714: $? = 0
configure:21721: test -s conftest
configure:21724: $? = 0
configure:21738: result: yes
configure:21642: checking for strpbrk
configure:21698: gcc -o conftest -g -O2   conftest.c  >&5
conftest.c:86:6: warning: conflicting types for built-in function 'strpbrk'
configure:21704: $? = 0
configure:21711: test -z "$ac_c_werror_flag" || test ! -s conftest.err
configure:21714: $? = 0
configure:21721: test -s conftest
configure:21724: $? = 0
configure:21738: result: yes
configure:21642: checking for strspn
configure:21698: gcc -o conftest -g -O2   conftest.c  >&5
conftest.c:87:6: warning: conflicting types for built-in function 'strspn'
configure:21704: $? = 0
configure:21711: test -z "$ac_c_werror_flag" || test ! -s conftest.err
configure:21714: $? = 0
configure:21721: test -s conftest
configure:21724: $? = 0
configure:21738: result: yes
configure:21642: checking for strstr
configure:21698: gcc -o conftest -g -O2   conftest.c  >&5
conftest.c:88:6: warning: conflicting types for built-in function 'strstr'
configure:21704: $? = 0
configure:21711: test -z "$ac_c_werror_flag" || test ! -s conftest.err
configure:21714: $? = 0
configure:21721: test -s conftest
configure:21724: $? = 0
configure:21738: result: yes
configure:21642: checking for strtol
configure:21698: gcc -o conftest -g -O2   conftest.c  >&5
configure:21704: $? = 0
configure:21711: test -z "$ac_c_werror_flag" || test ! -s conftest.err
configure:21714: $? = 0
configure:21721: test -s conftest
configure:21724: $? = 0
configure:21738: result: yes
configure:21959: checking for the pthreads library -lpthreads
configure:22002: gcc -o conftest -g -O2    conftest.c -lpthreads  >&5
/usr/lib64/gcc/x86_64-suse-linux/4.5/../../../../x86_64-suse-linux/bin/ld: cannot find -lpthreads
collect2: ld returned 1 exit status
configure:22008: $? = 1
configure: failed program was:
| /* confdefs.h.  */
| #define PACKAGE_NAME "csoap"
| #define PACKAGE_TARNAME "csoap"
| #define PACKAGE_VERSION "1.1.0"
| #define PACKAGE_STRING "csoap 1.1.0"
| #define PACKAGE_BUGREPORT ""
| #define PACKAGE "csoap"
| #define VERSION "1.1.0"
| #define STDC_HEADERS 1
| #define HAVE_SYS_TYPES_H 1
| #define HAVE_SYS_STAT_H 1
| #define HAVE_STDLIB_H 1
| #define HAVE_STRING_H 1
| #define HAVE_MEMORY_H 1
| #define HAVE_STRINGS_H 1
| #define HAVE_INTTYPES_H 1
| #define HAVE_STDINT_H 1
| #define HAVE_UNISTD_H 1
| #define HAVE_DLFCN_H 1
| #define STDC_HEADERS 1
| #define TIME_WITH_SYS_TIME 1
| #define HAVE_ARPA_INET_H 1
| #define HAVE_FCNTL_H 1
| #define HAVE_INTTYPES_H 1
| #define HAVE_MALLOC_H 1
| #define HAVE_NETDB_H 1
| #define HAVE_NETINET_IN_H 1
| #define HAVE_STDINT_H 1
| #define HAVE_STDLIB_H 1
| #define HAVE_SIGNAL_H 1
| #define HAVE_PTHREAD_H 1
| #define HAVE_STRING_H 1
| #define HAVE_SYS_SOCKET_H 1
| #define HAVE_SYS_TIME_H 1
| #define HAVE_UNISTD_H 1
| #define HAVE_STDIO_H 1
| #define HAVE_STDARG_H 1
| #define HAVE_ERRNO_H 1
| #define HAVE_CTYPE_H 1
| #define HAVE_OPENSSL_RAND_H 1
| #define HAVE_OPENSSL_ERR_H 1
| #define RETSIGTYPE void
| #define HAVE_STDLIB_H 1
| #define HAVE_MALLOC 1
| #define HAVE_VPRINTF 1
| #define HAVE_STRFTIME 1
| #define HAVE_SYS_SELECT_H 1
| #define HAVE_SYS_SOCKET_H 1
| #define SELECT_TYPE_ARG1 int
| #define SELECT_TYPE_ARG234 (fd_set *)
| #define SELECT_TYPE_ARG5 (struct timeval *)
| #define HAVE_GETHOSTBYNAME 1
| #define HAVE_INET_NTOA 1
| #define HAVE_MEMMOVE 1
| #define HAVE_MEMSET 1
| #define HAVE_MKDIR 1
| #define HAVE_SELECT 1
| #define HAVE_SOCKET 1
| #define HAVE_STRCHR 1
| #define HAVE_STRDUP 1
| #define HAVE_STRNCASECMP 1
| #define HAVE_STRPBRK 1
| #define HAVE_STRSPN 1
| #define HAVE_STRSTR 1
| #define HAVE_STRTOL 1
| /* end confdefs.h.  */
| #include <pthread.h>
| int
| main ()
| {
| pthread_t th; pthread_join(th, 0);
|                      pthread_attr_init(0); pthread_cleanup_push(0, 0);
|                      pthread_create(0,0,0,0); pthread_cleanup_pop(0);
|   ;
|   return 0;
| }
configure:22044: result: no
configure:21904: checking whether pthreads work without any flags
configure:22002: gcc -o conftest -g -O2    conftest.c   >&5
/tmp/ccM86ZBC.o: In function `main':
/home/lehrig/cc/priv/pvbaddon/foreign/csoap/libsoap-1.1.0/conftest.c:71: undefined reference to `pthread_join'
/home/lehrig/cc/priv/pvbaddon/foreign/csoap/libsoap-1.1.0/conftest.c:72: undefined reference to `__pthread_register_cancel'
/home/lehrig/cc/priv/pvbaddon/foreign/csoap/libsoap-1.1.0/conftest.c:73: undefined reference to `pthread_create'
/home/lehrig/cc/priv/pvbaddon/foreign/csoap/libsoap-1.1.0/conftest.c:73: undefined reference to `__pthread_unregister_cancel'
collect2: ld returned 1 exit status
configure:22008: $? = 1
configure: failed program was:
| /* confdefs.h.  */
| #define PACKAGE_NAME "csoap"
| #define PACKAGE_TARNAME "csoap"
| #define PACKAGE_VERSION "1.1.0"
| #define PACKAGE_STRING "csoap 1.1.0"
| #define PACKAGE_BUGREPORT ""
| #define PACKAGE "csoap"
| #define VERSION "1.1.0"
| #define STDC_HEADERS 1
| #define HAVE_SYS_TYPES_H 1
| #define HAVE_SYS_STAT_H 1
| #define HAVE_STDLIB_H 1
| #define HAVE_STRING_H 1
| #define HAVE_MEMORY_H 1
| #define HAVE_STRINGS_H 1
| #define HAVE_INTTYPES_H 1
| #define HAVE_STDINT_H 1
| #define HAVE_UNISTD_H 1
| #define HAVE_DLFCN_H 1
| #define STDC_HEADERS 1
| #define TIME_WITH_SYS_TIME 1
| #define HAVE_ARPA_INET_H 1
| #define HAVE_FCNTL_H 1
| #define HAVE_INTTYPES_H 1
| #define HAVE_MALLOC_H 1
| #define HAVE_NETDB_H 1
| #define HAVE_NETINET_IN_H 1
| #define HAVE_STDINT_H 1
| #define HAVE_STDLIB_H 1
| #define HAVE_SIGNAL_H 1
| #define HAVE_PTHREAD_H 1
| #define HAVE_STRING_H 1
| #define HAVE_SYS_SOCKET_H 1
| #define HAVE_SYS_TIME_H 1
| #define HAVE_UNISTD_H 1
| #define HAVE_STDIO_H 1
| #define HAVE_STDARG_H 1
| #define HAVE_ERRNO_H 1
| #define HAVE_CTYPE_H 1
| #define HAVE_OPENSSL_RAND_H 1
| #define HAVE_OPENSSL_ERR_H 1
| #define RETSIGTYPE void
| #define HAVE_STDLIB_H 1
| #define HAVE_MALLOC 1
| #define HAVE_VPRINTF 1
| #define HAVE_STRFTIME 1
| #define HAVE_SYS_SELECT_H 1
| #define HAVE_SYS_SOCKET_H 1
| #define SELECT_TYPE_ARG1 int
| #define SELECT_TYPE_ARG234 (fd_set *)
| #define SELECT_TYPE_ARG5 (struct timeval *)
| #define HAVE_GETHOSTBYNAME 1
| #define HAVE_INET_NTOA 1
| #define HAVE_MEMMOVE 1
| #define HAVE_MEMSET 1
| #define HAVE_MKDIR 1
| #define HAVE_SELECT 1
| #define HAVE_SOCKET 1
| #define HAVE_STRCHR 1
| #define HAVE_STRDUP 1
| #define HAVE_STRNCASECMP 1
| #define HAVE_STRPBRK 1
| #define HAVE_STRSPN 1
| #define HAVE_STRSTR 1
| #define HAVE_STRTOL 1
| /* end confdefs.h.  */
| #include <pthread.h>
| int
| main ()
| {
| pthread_t th; pthread_join(th, 0);
|                      pthread_attr_init(0); pthread_cleanup_push(0, 0);
|                      pthread_create(0,0,0,0); pthread_cleanup_pop(0);
|   ;
|   return 0;
| }
configure:22044: result: no
configure:21909: checking whether pthreads work with -Kthread
configure:22002: gcc -o conftest -g -O2 -Kthread   conftest.c   >&5
gcc: unrecognized option '-Kthread'
/tmp/cceWLlrL.o: In function `main':
/home/lehrig/cc/priv/pvbaddon/foreign/csoap/libsoap-1.1.0/conftest.c:71: undefined reference to `pthread_join'
/home/lehrig/cc/priv/pvbaddon/foreign/csoap/libsoap-1.1.0/conftest.c:72: undefined reference to `__pthread_register_cancel'
/home/lehrig/cc/priv/pvbaddon/foreign/csoap/libsoap-1.1.0/conftest.c:73: undefined reference to `pthread_create'
/home/lehrig/cc/priv/pvbaddon/foreign/csoap/libsoap-1.1.0/conftest.c:73: undefined reference to `__pthread_unregister_cancel'
collect2: ld returned 1 exit status
configure:22008: $? = 1
configure: failed program was:
| /* confdefs.h.  */
| #define PACKAGE_NAME "csoap"
| #define PACKAGE_TARNAME "csoap"
| #define PACKAGE_VERSION "1.1.0"
| #define PACKAGE_STRING "csoap 1.1.0"
| #define PACKAGE_BUGREPORT ""
| #define PACKAGE "csoap"
| #define VERSION "1.1.0"
| #define STDC_HEADERS 1
| #define HAVE_SYS_TYPES_H 1
| #define HAVE_SYS_STAT_H 1
| #define HAVE_STDLIB_H 1
| #define HAVE_STRING_H 1
| #define HAVE_MEMORY_H 1
| #define HAVE_STRINGS_H 1
| #define HAVE_INTTYPES_H 1
| #define HAVE_STDINT_H 1
| #define HAVE_UNISTD_H 1
| #define HAVE_DLFCN_H 1
| #define STDC_HEADERS 1
| #define TIME_WITH_SYS_TIME 1
| #define HAVE_ARPA_INET_H 1
| #define HAVE_FCNTL_H 1
| #define HAVE_INTTYPES_H 1
| #define HAVE_MALLOC_H 1
| #define HAVE_NETDB_H 1
| #define HAVE_NETINET_IN_H 1
| #define HAVE_STDINT_H 1
| #define HAVE_STDLIB_H 1
| #define HAVE_SIGNAL_H 1
| #define HAVE_PTHREAD_H 1
| #define HAVE_STRING_H 1
| #define HAVE_SYS_SOCKET_H 1
| #define HAVE_SYS_TIME_H 1
| #define HAVE_UNISTD_H 1
| #define HAVE_STDIO_H 1
| #define HAVE_STDARG_H 1
| #define HAVE_ERRNO_H 1
| #define HAVE_CTYPE_H 1
| #define HAVE_OPENSSL_RAND_H 1
| #define HAVE_OPENSSL_ERR_H 1
| #define RETSIGTYPE void
| #define HAVE_STDLIB_H 1
| #define HAVE_MALLOC 1
| #define HAVE_VPRINTF 1
| #define HAVE_STRFTIME 1
| #define HAVE_SYS_SELECT_H 1
| #define HAVE_SYS_SOCKET_H 1
| #define SELECT_TYPE_ARG1 int
| #define SELECT_TYPE_ARG234 (fd_set *)
| #define SELECT_TYPE_ARG5 (struct timeval *)
| #define HAVE_GETHOSTBYNAME 1
| #define HAVE_INET_NTOA 1
| #define HAVE_MEMMOVE 1
| #define HAVE_MEMSET 1
| #define HAVE_MKDIR 1
| #define HAVE_SELECT 1
| #define HAVE_SOCKET 1
| #define HAVE_STRCHR 1
| #define HAVE_STRDUP 1
| #define HAVE_STRNCASECMP 1
| #define HAVE_STRPBRK 1
| #define HAVE_STRSPN 1
| #define HAVE_STRSTR 1
| #define HAVE_STRTOL 1
| /* end confdefs.h.  */
| #include <pthread.h>
| int
| main ()
| {
| pthread_t th; pthread_join(th, 0);
|                      pthread_attr_init(0); pthread_cleanup_push(0, 0);
|                      pthread_create(0,0,0,0); pthread_cleanup_pop(0);
|   ;
|   return 0;
| }
configure:22044: result: no
configure:21909: checking whether pthreads work with -kthread
configure:22002: gcc -o conftest -g -O2 -kthread   conftest.c   >&5
gcc: unrecognized option '-kthread'
/tmp/ccE8hJHP.o: In function `main':
/home/lehrig/cc/priv/pvbaddon/foreign/csoap/libsoap-1.1.0/conftest.c:71: undefined reference to `pthread_join'
/home/lehrig/cc/priv/pvbaddon/foreign/csoap/libsoap-1.1.0/conftest.c:72: undefined reference to `__pthread_register_cancel'
/home/lehrig/cc/priv/pvbaddon/foreign/csoap/libsoap-1.1.0/conftest.c:73: undefined reference to `pthread_create'
/home/lehrig/cc/priv/pvbaddon/foreign/csoap/libsoap-1.1.0/conftest.c:73: undefined reference to `__pthread_unregister_cancel'
collect2: ld returned 1 exit status
configure:22008: $? = 1
configure: failed program was:
| /* confdefs.h.  */
| #define PACKAGE_NAME "csoap"
| #define PACKAGE_TARNAME "csoap"
| #define PACKAGE_VERSION "1.1.0"
| #define PACKAGE_STRING "csoap 1.1.0"
| #define PACKAGE_BUGREPORT ""
| #define PACKAGE "csoap"
| #define VERSION "1.1.0"
| #define STDC_HEADERS 1
| #define HAVE_SYS_TYPES_H 1
| #define HAVE_SYS_STAT_H 1
| #define HAVE_STDLIB_H 1
| #define HAVE_STRING_H 1
| #define HAVE_MEMORY_H 1
| #define HAVE_STRINGS_H 1
| #define HAVE_INTTYPES_H 1
| #define HAVE_STDINT_H 1
| #define HAVE_UNISTD_H 1
| #define HAVE_DLFCN_H 1
| #define STDC_HEADERS 1
| #define TIME_WITH_SYS_TIME 1
| #define HAVE_ARPA_INET_H 1
| #define HAVE_FCNTL_H 1
| #define HAVE_INTTYPES_H 1
| #define HAVE_MALLOC_H 1
| #define HAVE_NETDB_H 1
| #define HAVE_NETINET_IN_H 1
| #define HAVE_STDINT_H 1
| #define HAVE_STDLIB_H 1
| #define HAVE_SIGNAL_H 1
| #define HAVE_PTHREAD_H 1
| #define HAVE_STRING_H 1
| #define HAVE_SYS_SOCKET_H 1
| #define HAVE_SYS_TIME_H 1
| #define HAVE_UNISTD_H 1
| #define HAVE_STDIO_H 1
| #define HAVE_STDARG_H 1
| #define HAVE_ERRNO_H 1
| #define HAVE_CTYPE_H 1
| #define HAVE_OPENSSL_RAND_H 1
| #define HAVE_OPENSSL_ERR_H 1
| #define RETSIGTYPE void
| #define HAVE_STDLIB_H 1
| #define HAVE_MALLOC 1
| #define HAVE_VPRINTF 1
| #define HAVE_STRFTIME 1
| #define HAVE_SYS_SELECT_H 1
| #define HAVE_SYS_SOCKET_H 1
| #define SELECT_TYPE_ARG1 int
| #define SELECT_TYPE_ARG234 (fd_set *)
| #define SELECT_TYPE_ARG5 (struct timeval *)
| #define HAVE_GETHOSTBYNAME 1
| #define HAVE_INET_NTOA 1
| #define HAVE_MEMMOVE 1
| #define HAVE_MEMSET 1
| #define HAVE_MKDIR 1
| #define HAVE_SELECT 1
| #define HAVE_SOCKET 1
| #define HAVE_STRCHR 1
| #define HAVE_STRDUP 1
| #define HAVE_STRNCASECMP 1
| #define HAVE_STRPBRK 1
| #define HAVE_STRSPN 1
| #define HAVE_STRSTR 1
| #define HAVE_STRTOL 1
| /* end confdefs.h.  */
| #include <pthread.h>
| int
| main ()
| {
| pthread_t th; pthread_join(th, 0);
|                      pthread_attr_init(0); pthread_cleanup_push(0, 0);
|                      pthread_create(0,0,0,0); pthread_cleanup_pop(0);
|   ;
|   return 0;
| }
configure:22044: result: no
configure:21959: checking for the pthreads library -llthread
configure:22002: gcc -o conftest -g -O2    conftest.c -llthread  >&5
/usr/lib64/gcc/x86_64-suse-linux/4.5/../../../../x86_64-suse-linux/bin/ld: cannot find -llthread
collect2: ld returned 1 exit status
configure:22008: $? = 1
configure: failed program was:
| /* confdefs.h.  */
| #define PACKAGE_NAME "csoap"
| #define PACKAGE_TARNAME "csoap"
| #define PACKAGE_VERSION "1.1.0"
| #define PACKAGE_STRING "csoap 1.1.0"
| #define PACKAGE_BUGREPORT ""
| #define PACKAGE "csoap"
| #define VERSION "1.1.0"
| #define STDC_HEADERS 1
| #define HAVE_SYS_TYPES_H 1
| #define HAVE_SYS_STAT_H 1
| #define HAVE_STDLIB_H 1
| #define HAVE_STRING_H 1
| #define HAVE_MEMORY_H 1
| #define HAVE_STRINGS_H 1
| #define HAVE_INTTYPES_H 1
| #define HAVE_STDINT_H 1
| #define HAVE_UNISTD_H 1
| #define HAVE_DLFCN_H 1
| #define STDC_HEADERS 1
| #define TIME_WITH_SYS_TIME 1
| #define HAVE_ARPA_INET_H 1
| #define HAVE_FCNTL_H 1
| #define HAVE_INTTYPES_H 1
| #define HAVE_MALLOC_H 1
| #define HAVE_NETDB_H 1
| #define HAVE_NETINET_IN_H 1
| #define HAVE_STDINT_H 1
| #define HAVE_STDLIB_H 1
| #define HAVE_SIGNAL_H 1
| #define HAVE_PTHREAD_H 1
| #define HAVE_STRING_H 1
| #define HAVE_SYS_SOCKET_H 1
| #define HAVE_SYS_TIME_H 1
| #define HAVE_UNISTD_H 1
| #define HAVE_STDIO_H 1
| #define HAVE_STDARG_H 1
| #define HAVE_ERRNO_H 1
| #define HAVE_CTYPE_H 1
| #define HAVE_OPENSSL_RAND_H 1
| #define HAVE_OPENSSL_ERR_H 1
| #define RETSIGTYPE void
| #define HAVE_STDLIB_H 1
| #define HAVE_MALLOC 1
| #define HAVE_VPRINTF 1
| #define HAVE_STRFTIME 1
| #define HAVE_SYS_SELECT_H 1
| #define HAVE_SYS_SOCKET_H 1
| #define SELECT_TYPE_ARG1 int
| #define SELECT_TYPE_ARG234 (fd_set *)
| #define SELECT_TYPE_ARG5 (struct timeval *)
| #define HAVE_GETHOSTBYNAME 1
| #define HAVE_INET_NTOA 1
| #define HAVE_MEMMOVE 1
| #define HAVE_MEMSET 1
| #define HAVE_MKDIR 1
| #define HAVE_SELECT 1
| #define HAVE_SOCKET 1
| #define HAVE_STRCHR 1
| #define HAVE_STRDUP 1
| #define HAVE_STRNCASECMP 1
| #define HAVE_STRPBRK 1
| #define HAVE_STRSPN 1
| #define HAVE_STRSTR 1
| #define HAVE_STRTOL 1
| /* end confdefs.h.  */
| #include <pthread.h>
| int
| main ()
| {
| pthread_t th; pthread_join(th, 0);
|                      pthread_attr_init(0); pthread_cleanup_push(0, 0);
|                      pthread_create(0,0,0,0); pthread_cleanup_pop(0);
|   ;
|   return 0;
| }
configure:22044: result: no
configure:21909: checking whether pthreads work with -pthread
configure:22002: gcc -o conftest -g -O2 -pthread   conftest.c   >&5
configure:22008: $? = 0
configure:22015: test -z "$ac_c_werror_flag" || test ! -s conftest.err
configure:22018: $? = 0
configure:22025: test -s conftest
configure:22028: $? = 0
configure:22044: result: yes
configure:22063: checking for joinable pthread attribute
configure:22088: gcc -o conftest -g -O2 -pthread   conftest.c   >&5
configure:22094: $? = 0
configure:22101: test -z "$ac_c_werror_flag" || test ! -s conftest.err
configure:22104: $? = 0
configure:22111: test -s conftest
configure:22114: $? = 0
configure:22127: result: PTHREAD_CREATE_JOINABLE
configure:22137: checking if more special flags are required for pthreads
configure:22144: result: no
configure:22230: checking for localtime_r
configure:22286: gcc -o conftest -pthread -g -O2   conftest.c   >&5
configure:22292: $? = 0
configure:22299: test -z "$ac_c_werror_flag" || test ! -s conftest.err
configure:22302: $? = 0
configure:22309: test -s conftest
configure:22312: $? = 0
configure:22326: result: yes
configure:22230: checking for strtok_r
configure:22286: gcc -o conftest -pthread -g -O2   conftest.c   >&5
configure:22292: $? = 0
configure:22299: test -z "$ac_c_werror_flag" || test ! -s conftest.err
configure:22302: $? = 0
configure:22309: test -s conftest
configure:22312: $? = 0
configure:22326: result: yes
configure:22340: checking for socket in -lsocket
configure:22375: gcc -o conftest -pthread -g -O2   conftest.c -lsocket    >&5
/usr/lib64/gcc/x86_64-suse-linux/4.5/../../../../x86_64-suse-linux/bin/ld: cannot find -lsocket
collect2: ld returned 1 exit status
configure:22381: $? = 1
configure: failed program was:
| /* confdefs.h.  */
| #define PACKAGE_NAME "csoap"
| #define PACKAGE_TARNAME "csoap"
| #define PACKAGE_VERSION "1.1.0"
| #define PACKAGE_STRING "csoap 1.1.0"
| #define PACKAGE_BUGREPORT ""
| #define PACKAGE "csoap"
| #define VERSION "1.1.0"
| #define STDC_HEADERS 1
| #define HAVE_SYS_TYPES_H 1
| #define HAVE_SYS_STAT_H 1
| #define HAVE_STDLIB_H 1
| #define HAVE_STRING_H 1
| #define HAVE_MEMORY_H 1
| #define HAVE_STRINGS_H 1
| #define HAVE_INTTYPES_H 1
| #define HAVE_STDINT_H 1
| #define HAVE_UNISTD_H 1
| #define HAVE_DLFCN_H 1
| #define STDC_HEADERS 1
| #define TIME_WITH_SYS_TIME 1
| #define HAVE_ARPA_INET_H 1
| #define HAVE_FCNTL_H 1
| #define HAVE_INTTYPES_H 1
| #define HAVE_MALLOC_H 1
| #define HAVE_NETDB_H 1
| #define HAVE_NETINET_IN_H 1
| #define HAVE_STDINT_H 1
| #define HAVE_STDLIB_H 1
| #define HAVE_SIGNAL_H 1
| #define HAVE_PTHREAD_H 1
| #define HAVE_STRING_H 1
| #define HAVE_SYS_SOCKET_H 1
| #define HAVE_SYS_TIME_H 1
| #define HAVE_UNISTD_H 1
| #define HAVE_STDIO_H 1
| #define HAVE_STDARG_H 1
| #define HAVE_ERRNO_H 1
| #define HAVE_CTYPE_H 1
| #define HAVE_OPENSSL_RAND_H 1
| #define HAVE_OPENSSL_ERR_H 1
| #define RETSIGTYPE void
| #define HAVE_STDLIB_H 1
| #define HAVE_MALLOC 1
| #define HAVE_VPRINTF 1
| #define HAVE_STRFTIME 1
| #define HAVE_SYS_SELECT_H 1
| #define HAVE_SYS_SOCKET_H 1
| #define SELECT_TYPE_ARG1 int
| #define SELECT_TYPE_ARG234 (fd_set *)
| #define SELECT_TYPE_ARG5 (struct timeval *)
| #define HAVE_GETHOSTBYNAME 1
| #define HAVE_INET_NTOA 1
| #define HAVE_MEMMOVE 1
| #define HAVE_MEMSET 1
| #define HAVE_MKDIR 1
| #define HAVE_SELECT 1
| #define HAVE_SOCKET 1
| #define HAVE_STRCHR 1
| #define HAVE_STRDUP 1
| #define HAVE_STRNCASECMP 1
| #define HAVE_STRPBRK 1
| #define HAVE_STRSPN 1
| #define HAVE_STRSTR 1
| #define HAVE_STRTOL 1
| #define HAVE_LOCALTIME_R 1
| #define HAVE_STRTOK_R 1
| /* end confdefs.h.  */
| 
| /* Override any GCC internal prototype to avoid an error.
|    Use char because int might match the return type of a GCC
|    builtin and then its argument prototype would still apply.  */
| #ifdef __cplusplus
| extern "C"
| #endif
| char socket ();
| int
| main ()
| {
| return socket ();
|   ;
|   return 0;
| }
configure:22415: result: no
configure:22423: checking for inet_ntoa in -lnsl
configure:22458: gcc -o conftest -pthread -g -O2   conftest.c -lnsl    >&5
configure:22464: $? = 0
configure:22471: test -z "$ac_c_werror_flag" || test ! -s conftest.err
configure:22474: $? = 0
configure:22481: test -s conftest
configure:22484: $? = 0
configure:22498: result: yes
configure:22504: checking for gethostbyname in -lnsl
configure:22539: gcc -o conftest -pthread -g -O2   conftest.c -lnsl    >&5
configure:22545: $? = 0
configure:22552: test -z "$ac_c_werror_flag" || test ! -s conftest.err
configure:22555: $? = 0
configure:22562: test -s conftest
configure:22565: $? = 0
configure:22579: result: yes
configure:22627: checking for xml2-config
configure:22645: found /usr/bin/xml2-config
configure:22658: result: /usr/bin/xml2-config
configure:22667: checking for libxml - version >= 2.6.0
configure:22779: gcc -o conftest -pthread -g -O2  -I/usr/include/libxml2  conftest.c -lxml2 -lz -lm   >&5
configure:22782: $? = 0
configure:22788: ./conftest
configure:22791: $? = 0
configure:22812: result: yes (version 2.7.8)
configure:22922: checking if ssl is wanted
configure:22963: result: no
configure:23093: creating ./config.status

## ---------------------- ##
## Running config.status. ##
## ---------------------- ##

This file was extended by csoap config.status 1.1.0, which was
generated by GNU Autoconf 2.59e.  Invocation command line was

  CONFIG_FILES    = 
  CONFIG_HEADERS  = 
  CONFIG_LINKS    = 
  CONFIG_COMMANDS = 
  $ ./config.status 

on nb4lehrig

config.status:669: creating Makefile
config.status:669: creating libcsoap/Makefile
config.status:669: creating nanohttp/Makefile
config.status:669: creating examples/Makefile
config.status:669: creating examples/nanohttp/Makefile
config.status:669: creating examples/csoap/Makefile
config.status:669: creating libcsoap.pc
config.status:669: creating csoap-config
config.status:669: creating config.h
config.status:945: config.h is unchanged
config.status:991: executing depfiles commands

## ---------------- ##
## Cache variables. ##
## ---------------- ##

ac_cv_build=x86_64-unknown-linux-gnu
ac_cv_c_compiler_gnu=yes
ac_cv_c_const=yes
ac_cv_cxx_compiler_gnu=yes
ac_cv_env_CCC_set=
ac_cv_env_CCC_value=
ac_cv_env_CC_set=
ac_cv_env_CC_value=
ac_cv_env_CFLAGS_set=
ac_cv_env_CFLAGS_value=
ac_cv_env_CPPFLAGS_set=
ac_cv_env_CPPFLAGS_value=
ac_cv_env_CPP_set=
ac_cv_env_CPP_value=
ac_cv_env_CXXCPP_set=
ac_cv_env_CXXCPP_value=
ac_cv_env_CXXFLAGS_set=
ac_cv_env_CXXFLAGS_value=
ac_cv_env_CXX_set=
ac_cv_env_CXX_value=
ac_cv_env_F77_set=
ac_cv_env_F77_value=
ac_cv_env_FFLAGS_set=
ac_cv_env_FFLAGS_value=
ac_cv_env_LDFLAGS_set=
ac_cv_env_LDFLAGS_value=
ac_cv_env_build_alias_set=
ac_cv_env_build_alias_value=
ac_cv_env_host_alias_set=
ac_cv_env_host_alias_value=
ac_cv_env_target_alias_set=
ac_cv_env_target_alias_value=
ac_cv_f77_compiler_gnu=no
ac_cv_func__doprnt=no
ac_cv_func_gethostbyname=yes
ac_cv_func_inet_ntoa=yes
ac_cv_func_localtime_r=yes
ac_cv_func_malloc_0_nonnull=yes
ac_cv_func_memmove=yes
ac_cv_func_memset=yes
ac_cv_func_mkdir=yes
ac_cv_func_select=yes
ac_cv_func_select_args='int,fd_set *,struct timeval *'
ac_cv_func_socket=yes
ac_cv_func_strchr=yes
ac_cv_func_strdup=yes
ac_cv_func_strftime=yes
ac_cv_func_strncasecmp=yes
ac_cv_func_strpbrk=yes
ac_cv_func_strspn=yes
ac_cv_func_strstr=yes
ac_cv_func_strtok_r=yes
ac_cv_func_strtol=yes
ac_cv_func_vprintf=yes
ac_cv_header_arpa_inet_h=yes
ac_cv_header_ctype_h=yes
ac_cv_header_dlfcn_h=yes
ac_cv_header_errno_h=yes
ac_cv_header_fcntl_h=yes
ac_cv_header_inttypes_h=yes
ac_cv_header_io_h=no
ac_cv_header_malloc_h=yes
ac_cv_header_memory_h=yes
ac_cv_header_netdb_h=yes
ac_cv_header_netinet_in_h=yes
ac_cv_header_openssl_err_h=yes
ac_cv_header_openssl_rand_h=yes
ac_cv_header_pthread_h=yes
ac_cv_header_signal_h=yes
ac_cv_header_stdarg_h=yes
ac_cv_header_stdc=yes
ac_cv_header_stdint_h=yes
ac_cv_header_stdio_h=yes
ac_cv_header_stdlib_h=yes
ac_cv_header_string_h=yes
ac_cv_header_strings_h=yes
ac_cv_header_sys_select_h=yes
ac_cv_header_sys_socket_h=yes
ac_cv_header_sys_stat_h=yes
ac_cv_header_sys_time_h=yes
ac_cv_header_sys_types_h=yes
ac_cv_header_time=yes
ac_cv_header_unistd_h=yes
ac_cv_host=x86_64-unknown-linux-gnu
ac_cv_lib_nsl_gethostbyname=yes
ac_cv_lib_nsl_inet_ntoa=yes
ac_cv_lib_socket_socket=no
ac_cv_objext=o
ac_cv_path_EGREP='/usr/bin/grep -E'
ac_cv_path_GREP=/usr/bin/grep
ac_cv_path_XML2_CONFIG=/usr/bin/xml2-config
ac_cv_path_install='/usr/bin/install -c'
ac_cv_prog_AWK=gawk
ac_cv_prog_CPP='gcc -E'
ac_cv_prog_CXXCPP='g++ -E'
ac_cv_prog_ac_ct_AR=ar
ac_cv_prog_ac_ct_CC=gcc
ac_cv_prog_ac_ct_CXX=g++
ac_cv_prog_ac_ct_RANLIB=ranlib
ac_cv_prog_ac_ct_STRIP=strip
ac_cv_prog_cc_c89=
ac_cv_prog_cc_g=yes
ac_cv_prog_cxx_g=yes
ac_cv_prog_f77_g=no
ac_cv_prog_make_make_set=yes
ac_cv_struct_tm=time.h
ac_cv_type_signal=void
ac_cv_type_size_t=yes
ac_cv_type_ssize_t=yes
am_cv_CC_dependencies_compiler_type=gcc3
am_cv_CXX_dependencies_compiler_type=gcc3
lt_cv_deplibs_check_method=pass_all
lt_cv_file_magic_cmd='$MAGIC_CMD'
lt_cv_file_magic_test_file=
lt_cv_ld_reload_flag=-r
lt_cv_objdir=.libs
lt_cv_path_LD=/usr/x86_64-suse-linux/bin/ld
lt_cv_path_LDCXX='/usr/x86_64-suse-linux/bin/ld -m elf_x86_64'
lt_cv_path_NM='/usr/bin/nm -B'
lt_cv_path_SED=/usr/bin/sed
lt_cv_prog_compiler_c_o=yes
lt_cv_prog_compiler_c_o_CXX=yes
lt_cv_prog_compiler_rtti_exceptions=no
lt_cv_prog_gnu_ld=yes
lt_cv_prog_gnu_ldcxx=yes
lt_cv_sys_global_symbol_pipe='sed -n -e '\''s/^.*[ 	]\([ABCDGIRSTW][ABCDGIRSTW]*\)[ 	][ 	]*\([_A-Za-z][_A-Za-z0-9]*\)$/\1 \2 \2/p'\'''
lt_cv_sys_global_symbol_to_c_name_address='sed -n -e '\''s/^: \([^ ]*\) $/  {\"\1\", (lt_ptr) 0},/p'\'' -e '\''s/^[BCDEGRST] \([^ ]*\) \([^ ]*\)$/  {"\2", (lt_ptr) \&\2},/p'\'''
lt_cv_sys_global_symbol_to_cdecl='sed -n -e '\''s/^. .* \(.*\)$/extern int \1;/p'\'''
lt_cv_sys_max_cmd_len=32768
lt_lt_cv_prog_compiler_c_o='"yes"'
lt_lt_cv_prog_compiler_c_o_CXX='"yes"'
lt_lt_cv_sys_global_symbol_pipe='"sed -n -e '\''s/^.*[ 	]\\([ABCDGIRSTW][ABCDGIRSTW]*\\)[ 	][ 	]*\\([_A-Za-z][_A-Za-z0-9]*\\)\$/\\1 \\2 \\2/p'\''"'
lt_lt_cv_sys_global_symbol_to_c_name_address='"sed -n -e '\''s/^: \\([^ ]*\\) \$/  {\\\"\\1\\\", (lt_ptr) 0},/p'\'' -e '\''s/^[BCDEGRST] \\([^ ]*\\) \\([^ ]*\\)\$/  {\"\\2\", (lt_ptr) \\&\\2},/p'\''"'
lt_lt_cv_sys_global_symbol_to_cdecl='"sed -n -e '\''s/^. .* \\(.*\\)\$/extern int \\1;/p'\''"'

## ----------------- ##
## Output variables. ##
## ----------------- ##

ACLOCAL='${SHELL} /home/lehrig/cc/priv/pvbaddon/foreign/csoap/libsoap-1.1.0/missing --run aclocal-1.9'
AMDEPBACKSLASH='\'
AMDEP_FALSE='#'
AMDEP_TRUE=''
AMTAR='${SHELL} /home/lehrig/cc/priv/pvbaddon/foreign/csoap/libsoap-1.1.0/missing --run tar'
AR='ar'
AUTOCONF='${SHELL} /home/lehrig/cc/priv/pvbaddon/foreign/csoap/libsoap-1.1.0/missing --run autoconf'
AUTOHEADER='${SHELL} /home/lehrig/cc/priv/pvbaddon/foreign/csoap/libsoap-1.1.0/missing --run autoheader'
AUTOMAKE='${SHELL} /home/lehrig/cc/priv/pvbaddon/foreign/csoap/libsoap-1.1.0/missing --run automake-1.9'
AWK='gawk'
CC='gcc'
CCDEPMODE='depmode=gcc3'
CFLAGS='-pthread -g -O2 -I/usr/include/libxml2'
CPP='gcc -E'
CPPFLAGS=''
CXX='g++'
CXXCPP='g++ -E'
CXXDEPMODE='depmode=gcc3'
CXXFLAGS='-g -O2'
CYGPATH_W='echo'
DEFS='-DHAVE_CONFIG_H'
DEPDIR='.deps'
ECHO='echo'
ECHO_C=''
ECHO_N='-n'
ECHO_T=''
EGREP='/usr/bin/grep -E'
EXEEXT=''
F77=''
FFLAGS=''
GREP='/usr/bin/grep'
INSTALL_DATA='${INSTALL} -m 644'
INSTALL_PROGRAM='${INSTALL}'
INSTALL_SCRIPT='${INSTALL}'
INSTALL_STRIP_PROGRAM='${SHELL} $(install_sh) -c -s'
LDFLAGS=' -lxml2 -lz -lm'
LIBNSL='-lnsl'
LIBOBJS=''
LIBS=' '
LIBSOCKET=''
LIBTOOL='$(SHELL) $(top_builddir)/libtool'
LN_S='ln -s'
LTLIBOBJS=''
MAKEINFO='${SHELL} /home/lehrig/cc/priv/pvbaddon/foreign/csoap/libsoap-1.1.0/missing --run makeinfo'
OBJEXT='o'
PACKAGE='csoap'
PACKAGE_BUGREPORT=''
PACKAGE_NAME='csoap'
PACKAGE_STRING='csoap 1.1.0'
PACKAGE_TARNAME='csoap'
PACKAGE_VERSION='1.1.0'
PATH_SEPARATOR=':'
PTHREAD_CC='gcc'
PTHREAD_CFLAGS='-pthread'
PTHREAD_LIBS=''
RANLIB='ranlib'
SET_MAKE=''
SHELL='/bin/sh'
STRIP='strip'
VERSION='1.1.0'
XML2_CONFIG='/usr/bin/xml2-config'
XML_CPPFLAGS='-I/usr/include/libxml2'
XML_LIBS='-lxml2 -lz -lm'
ac_ct_CC='gcc'
ac_ct_CXX='g++'
ac_ct_F77=''
acx_pthread_config=''
am__fastdepCC_FALSE='#'
am__fastdepCC_TRUE=''
am__fastdepCXX_FALSE='#'
am__fastdepCXX_TRUE=''
am__include='include'
am__leading_dot='.'
am__quote=''
am__tar='${AMTAR} chof - "$$tardir"'
am__untar='${AMTAR} xf -'
bindir='${exec_prefix}/bin'
build='x86_64-unknown-linux-gnu'
build_alias=''
build_cpu='x86_64'
build_os='linux-gnu'
build_vendor='unknown'
csoap_major='1'
csoap_minor='1'
csoap_patch='0'
csoap_release='1.1'
csoap_version='2:0:1'
datadir='${datarootdir}'
datarootdir='${prefix}/share'
docdir='${datarootdir}/doc/${PACKAGE_TARNAME}'
dvidir='${docdir}'
exec_prefix='${prefix}'
host='x86_64-unknown-linux-gnu'
host_alias=''
host_cpu='x86_64'
host_os='linux-gnu'
host_vendor='unknown'
htmldir='${docdir}'
includedir='${prefix}/include'
infodir='${datarootdir}/info'
install_sh='/home/lehrig/cc/priv/pvbaddon/foreign/csoap/libsoap-1.1.0/install-sh'
libdir='${exec_prefix}/lib'
libexecdir='${exec_prefix}/libexec'
localedir='${datarootdir}/locale'
localstatedir='${prefix}/var'
mandir='${datarootdir}/man'
mkdir_p='mkdir -p --'
nanohttp_release='1.1'
nanohttp_version='2:0:1'
oldincludedir='/usr/include'
pdfdir='${docdir}'
prefix='/usr/local'
program_transform_name='s,x,x,'
psdir='${docdir}'
sbindir='${exec_prefix}/sbin'
sharedstatedir='${prefix}/com'
sysconfdir='${prefix}/etc'
target_alias=''

## ----------- ##
## confdefs.h. ##
## ----------- ##

#define PACKAGE_NAME "csoap"
#define PACKAGE_TARNAME "csoap"
#define PACKAGE_VERSION "1.1.0"
#define PACKAGE_STRING "csoap 1.1.0"
#define PACKAGE_BUGREPORT ""
#define PACKAGE "csoap"
#define VERSION "1.1.0"
#define STDC_HEADERS 1
#define HAVE_SYS_TYPES_H 1
#define HAVE_SYS_STAT_H 1
#define HAVE_STDLIB_H 1
#define HAVE_STRING_H 1
#define HAVE_MEMORY_H 1
#define HAVE_STRINGS_H 1
#define HAVE_INTTYPES_H 1
#define HAVE_STDINT_H 1
#define HAVE_UNISTD_H 1
#define HAVE_DLFCN_H 1
#define STDC_HEADERS 1
#define TIME_WITH_SYS_TIME 1
#define HAVE_ARPA_INET_H 1
#define HAVE_FCNTL_H 1
#define HAVE_INTTYPES_H 1
#define HAVE_MALLOC_H 1
#define HAVE_NETDB_H 1
#define HAVE_NETINET_IN_H 1
#define HAVE_STDINT_H 1
#define HAVE_STDLIB_H 1
#define HAVE_SIGNAL_H 1
#define HAVE_PTHREAD_H 1
#define HAVE_STRING_H 1
#define HAVE_SYS_SOCKET_H 1
#define HAVE_SYS_TIME_H 1
#define HAVE_UNISTD_H 1
#define HAVE_STDIO_H 1
#define HAVE_STDARG_H 1
#define HAVE_ERRNO_H 1
#define HAVE_CTYPE_H 1
#define HAVE_OPENSSL_RAND_H 1
#define HAVE_OPENSSL_ERR_H 1
#define RETSIGTYPE void
#define HAVE_STDLIB_H 1
#define HAVE_MALLOC 1
#define HAVE_VPRINTF 1
#define HAVE_STRFTIME 1
#define HAVE_SYS_SELECT_H 1
#define HAVE_SYS_SOCKET_H 1
#define SELECT_TYPE_ARG1 int
#define SELECT_TYPE_ARG234 (fd_set *)
#define SELECT_TYPE_ARG5 (struct timeval *)
#define HAVE_GETHOSTBYNAME 1
#define HAVE_INET_NTOA 1
#define HAVE_MEMMOVE 1
#define HAVE_MEMSET 1
#define HAVE_MKDIR 1
#define HAVE_SELECT 1
#define HAVE_SOCKET 1
#define HAVE_STRCHR 1
#define HAVE_STRDUP 1
#define HAVE_STRNCASECMP 1
#define HAVE_STRPBRK 1
#define HAVE_STRSPN 1
#define HAVE_STRSTR 1
#define HAVE_STRTOL 1
#define HAVE_LOCALTIME_R 1
#define HAVE_STRTOK_R 1

configure: exit 0
