This file contains any messages produced by compilers while
running configure, to aid debugging if configure makes a mistake.

It was created by configure, which was
generated by GNU Autoconf 2.60.  Invocation command line was

  $ ./configure 

## --------- ##
## Platform. ##
## --------- ##

hostname = nb4lehrig
uname -m = x86_64
uname -r = 2.6.34.7-0.3-desktop
uname -s = Linux
uname -v = #1 SMP PREEMPT 2010-09-20 15:27:38 +0200

/usr/bin/uname -p = unknown
/bin/uname -X     = unknown

/bin/arch              = x86_64
/usr/bin/arch -k       = unknown
/usr/convex/getsysinfo = unknown
/usr/bin/hostinfo      = unknown
/bin/machine           = unknown
/usr/bin/oslevel       = unknown
/bin/universe          = unknown

PATH: /home/lehrig/bin
PATH: /usr/local/bin
PATH: /usr/bin
PATH: /bin
PATH: /usr/bin/X11
PATH: /usr/X11R6/bin
PATH: /usr/games
PATH: /opt/kde3/bin
PATH: /usr/lib64/jvm/jre/bin


## ----------- ##
## Core tests. ##
## ----------- ##

configure:1949: checking for a BSD-compatible install
configure:2005: result: /usr/bin/install -c
configure:2016: checking whether build environment is sane
configure:2059: result: yes
configure:2124: checking for gawk
configure:2140: found /usr/bin/gawk
configure:2151: result: gawk
configure:2162: checking whether make sets $(MAKE)
configure:2183: result: yes
configure:2422: checking for gcc
configure:2438: found /usr/bin/gcc
configure:2449: result: gcc
configure:2687: checking for C compiler version
configure:2694: gcc --version >&5
gcc (SUSE Linux) 4.5.0 20100604 [gcc-4_5-branch revision 160292]
Copyright (C) 2010 Free Software Foundation, Inc.
This is free software; see the source for copying conditions.  There is NO
warranty; not even for MERCHANTABILITY or FITNESS FOR A PARTICULAR PURPOSE.

configure:2697: $? = 0
configure:2704: gcc -v >&5
Using built-in specs.
COLLECT_GCC=gcc
COLLECT_LTO_WRAPPER=/usr/lib64/gcc/x86_64-suse-linux/4.5/lto-wrapper
Target: x86_64-suse-linux
Configured with: ../configure --prefix=/usr --infodir=/usr/share/info --mandir=/usr/share/man --libdir=/usr/lib64 --libexecdir=/usr/lib64 --enable-languages=c,c++,objc,fortran,obj-c++,java,ada --enable-checking=release --with-gxx-include-dir=/usr/include/c++/4.5 --enable-ssp --disable-libssp --disable-plugin --with-bugurl=http://bugs.opensuse.org/ --with-pkgversion='SUSE Linux' --disable-libgcj --disable-libmudflap --with-slibdir=/lib64 --with-system-zlib --enable-__cxa_atexit --enable-libstdcxx-allocator=new --disable-libstdcxx-pch --enable-version-specific-runtime-libs --program-suffix=-4.5 --enable-linux-futex --without-system-libunwind --enable-gold --with-plugin-ld=/usr/bin/gold --with-arch-32=i586 --with-tune=generic --build=x86_64-suse-linux
Thread model: posix
gcc version 4.5.0 20100604 [gcc-4_5-branch revision 160292] (SUSE Linux) 
configure:2707: $? = 0
configure:2714: gcc -V >&5
gcc: '-V' option must have argument
configure:2717: $? = 1
configure:2740: checking for C compiler default output file name
configure:2767: gcc    conftest.c  >&5
configure:2770: $? = 0
configure:2816: result: a.out
configure:2821: checking whether the C compiler works
configure:2831: ./a.out
configure:2834: $? = 0
configure:2851: result: yes
configure:2858: checking whether we are cross compiling
configure:2860: result: no
configure:2863: checking for suffix of executables
configure:2870: gcc -o conftest    conftest.c  >&5
configure:2873: $? = 0
configure:2897: result: 
configure:2903: checking for suffix of object files
configure:2929: gcc -c   conftest.c >&5
configure:2932: $? = 0
configure:2955: result: o
configure:2959: checking whether we are using the GNU C compiler
configure:2988: gcc -c   conftest.c >&5
configure:2994: $? = 0
configure:3001: test -z "$ac_c_werror_flag" || test ! -s conftest.err
configure:3004: $? = 0
configure:3011: test -s conftest.o
configure:3014: $? = 0
configure:3028: result: yes
configure:3033: checking whether gcc accepts -g
configure:3063: gcc -c -g  conftest.c >&5
configure:3069: $? = 0
configure:3076: test -z "$ac_c_werror_flag" || test ! -s conftest.err
configure:3079: $? = 0
configure:3086: test -s conftest.o
configure:3089: $? = 0
configure:3219: result: yes
configure:3236: checking for gcc option to accept ISO C89
configure:3310: gcc  -c -g -O2  conftest.c >&5
configure:3316: $? = 0
configure:3323: test -z "$ac_c_werror_flag" || test ! -s conftest.err
configure:3326: $? = 0
configure:3333: test -s conftest.o
configure:3336: $? = 0
configure:3356: result: none needed
configure:3385: checking for style of include used by make
configure:3413: result: GNU
configure:3441: checking dependency style of gcc
configure:3531: result: gcc3
configure:3626: checking build system type
configure:3644: result: x86_64-unknown-linux-gnu
configure:3666: checking host system type
configure:3681: result: x86_64-unknown-linux-gnu
configure:3703: checking for a sed that does not truncate output
configure:3757: result: /usr/bin/sed
configure:3760: checking for grep that handles long lines and -e
configure:3834: result: /usr/bin/grep
configure:3839: checking for egrep
configure:3917: result: /usr/bin/grep -E
configure:3933: checking for ld used by gcc
configure:4000: result: /usr/x86_64-suse-linux/bin/ld
configure:4009: checking if the linker (/usr/x86_64-suse-linux/bin/ld) is GNU ld
configure:4024: result: yes
configure:4029: checking for /usr/x86_64-suse-linux/bin/ld option to reload object files
configure:4036: result: -r
configure:4054: checking for BSD-compatible nm
configure:4103: result: /usr/bin/nm -B
configure:4107: checking whether ln -s works
configure:4111: result: yes
configure:4118: checking how to recognise dependent libraries
configure:4294: result: pass_all
configure:4382: gcc -c -g -O2  conftest.c >&5
configure:4385: $? = 0
configure:4544: checking how to run the C preprocessor
configure:4584: gcc -E  conftest.c
configure:4590: $? = 0
configure:4628: gcc -E  conftest.c
conftest.c:10:28: fatal error: ac_nonexistent.h: No such file or directory
compilation terminated.
configure:4634: $? = 1
configure: failed program was:
| /* confdefs.h.  */
| #define PACKAGE_NAME ""
| #define PACKAGE_TARNAME ""
| #define PACKAGE_VERSION ""
| #define PACKAGE_STRING ""
| #define PACKAGE_BUGREPORT ""
| #define PACKAGE "tuxeip"
| #define VERSION "1.0"
| /* end confdefs.h.  */
| #include <ac_nonexistent.h>
configure:4674: result: gcc -E
configure:4703: gcc -E  conftest.c
configure:4709: $? = 0
configure:4747: gcc -E  conftest.c
conftest.c:10:28: fatal error: ac_nonexistent.h: No such file or directory
compilation terminated.
configure:4753: $? = 1
configure: failed program was:
| /* confdefs.h.  */
| #define PACKAGE_NAME ""
| #define PACKAGE_TARNAME ""
| #define PACKAGE_VERSION ""
| #define PACKAGE_STRING ""
| #define PACKAGE_BUGREPORT ""
| #define PACKAGE "tuxeip"
| #define VERSION "1.0"
| /* end confdefs.h.  */
| #include <ac_nonexistent.h>
configure:4798: checking for ANSI C header files
configure:4828: gcc -c -g -O2  conftest.c >&5
configure:4834: $? = 0
configure:4841: test -z "$ac_c_werror_flag" || test ! -s conftest.err
configure:4844: $? = 0
configure:4851: test -s conftest.o
configure:4854: $? = 0
configure:4950: gcc -o conftest -g -O2   conftest.c  >&5
configure:4953: $? = 0
configure:4959: ./conftest
configure:4962: $? = 0
configure:4979: result: yes
configure:5003: checking for sys/types.h
configure:5024: gcc -c -g -O2  conftest.c >&5
configure:5030: $? = 0
configure:5037: test -z "$ac_c_werror_flag" || test ! -s conftest.err
configure:5040: $? = 0
configure:5047: test -s conftest.o
configure:5050: $? = 0
configure:5063: result: yes
configure:5003: checking for sys/stat.h
configure:5024: gcc -c -g -O2  conftest.c >&5
configure:5030: $? = 0
configure:5037: test -z "$ac_c_werror_flag" || test ! -s conftest.err
configure:5040: $? = 0
configure:5047: test -s conftest.o
configure:5050: $? = 0
configure:5063: result: yes
configure:5003: checking for stdlib.h
configure:5024: gcc -c -g -O2  conftest.c >&5
configure:5030: $? = 0
configure:5037: test -z "$ac_c_werror_flag" || test ! -s conftest.err
configure:5040: $? = 0
configure:5047: test -s conftest.o
configure:5050: $? = 0
configure:5063: result: yes
configure:5003: checking for string.h
configure:5024: gcc -c -g -O2  conftest.c >&5
configure:5030: $? = 0
configure:5037: test -z "$ac_c_werror_flag" || test ! -s conftest.err
configure:5040: $? = 0
configure:5047: test -s conftest.o
configure:5050: $? = 0
configure:5063: result: yes
configure:5003: checking for memory.h
configure:5024: gcc -c -g -O2  conftest.c >&5
configure:5030: $? = 0
configure:5037: test -z "$ac_c_werror_flag" || test ! -s conftest.err
configure:5040: $? = 0
configure:5047: test -s conftest.o
configure:5050: $? = 0
configure:5063: result: yes
configure:5003: checking for strings.h
configure:5024: gcc -c -g -O2  conftest.c >&5
configure:5030: $? = 0
configure:5037: test -z "$ac_c_werror_flag" || test ! -s conftest.err
configure:5040: $? = 0
configure:5047: test -s conftest.o
configure:5050: $? = 0
configure:5063: result: yes
configure:5003: checking for inttypes.h
configure:5024: gcc -c -g -O2  conftest.c >&5
configure:5030: $? = 0
configure:5037: test -z "$ac_c_werror_flag" || test ! -s conftest.err
configure:5040: $? = 0
configure:5047: test -s conftest.o
configure:5050: $? = 0
configure:5063: result: yes
configure:5003: checking for stdint.h
configure:5024: gcc -c -g -O2  conftest.c >&5
configure:5030: $? = 0
configure:5037: test -z "$ac_c_werror_flag" || test ! -s conftest.err
configure:5040: $? = 0
configure:5047: test -s conftest.o
configure:5050: $? = 0
configure:5063: result: yes
configure:5003: checking for unistd.h
configure:5024: gcc -c -g -O2  conftest.c >&5
configure:5030: $? = 0
configure:5037: test -z "$ac_c_werror_flag" || test ! -s conftest.err
configure:5040: $? = 0
configure:5047: test -s conftest.o
configure:5050: $? = 0
configure:5063: result: yes
configure:5090: checking dlfcn.h usability
configure:5107: gcc -c -g -O2  conftest.c >&5
configure:5113: $? = 0
configure:5120: test -z "$ac_c_werror_flag" || test ! -s conftest.err
configure:5123: $? = 0
configure:5130: test -s conftest.o
configure:5133: $? = 0
configure:5144: result: yes
configure:5148: checking dlfcn.h presence
configure:5163: gcc -E  conftest.c
configure:5169: $? = 0
configure:5190: result: yes
configure:5218: checking for dlfcn.h
configure:5226: result: yes
configure:5297: checking for g++
configure:5313: found /usr/bin/g++
configure:5324: result: g++
configure:5355: checking for C++ compiler version
configure:5362: g++ --version >&5
g++ (SUSE Linux) 4.5.0 20100604 [gcc-4_5-branch revision 160292]
Copyright (C) 2010 Free Software Foundation, Inc.
This is free software; see the source for copying conditions.  There is NO
warranty; not even for MERCHANTABILITY or FITNESS FOR A PARTICULAR PURPOSE.

configure:5365: $? = 0
configure:5372: g++ -v >&5
Using built-in specs.
COLLECT_GCC=g++
COLLECT_LTO_WRAPPER=/usr/lib64/gcc/x86_64-suse-linux/4.5/lto-wrapper
Target: x86_64-suse-linux
Configured with: ../configure --prefix=/usr --infodir=/usr/share/info --mandir=/usr/share/man --libdir=/usr/lib64 --libexecdir=/usr/lib64 --enable-languages=c,c++,objc,fortran,obj-c++,java,ada --enable-checking=release --with-gxx-include-dir=/usr/include/c++/4.5 --enable-ssp --disable-libssp --disable-plugin --with-bugurl=http://bugs.opensuse.org/ --with-pkgversion='SUSE Linux' --disable-libgcj --disable-libmudflap --with-slibdir=/lib64 --with-system-zlib --enable-__cxa_atexit --enable-libstdcxx-allocator=new --disable-libstdcxx-pch --enable-version-specific-runtime-libs --program-suffix=-4.5 --enable-linux-futex --without-system-libunwind --enable-gold --with-plugin-ld=/usr/bin/gold --with-arch-32=i586 --with-tune=generic --build=x86_64-suse-linux
Thread model: posix
gcc version 4.5.0 20100604 [gcc-4_5-branch revision 160292] (SUSE Linux) 
configure:5375: $? = 0
configure:5382: g++ -V >&5
g++: '-V' option must have argument
configure:5385: $? = 1
configure:5388: checking whether we are using the GNU C++ compiler
configure:5417: g++ -c   conftest.cpp >&5
configure:5423: $? = 0
configure:5430: test -z "$ac_cxx_werror_flag" || test ! -s conftest.err
configure:5433: $? = 0
configure:5440: test -s conftest.o
configure:5443: $? = 0
configure:5457: result: yes
configure:5462: checking whether g++ accepts -g
configure:5492: g++ -c -g  conftest.cpp >&5
configure:5498: $? = 0
configure:5505: test -z "$ac_cxx_werror_flag" || test ! -s conftest.err
configure:5508: $? = 0
configure:5515: test -s conftest.o
configure:5518: $? = 0
configure:5648: result: yes
configure:5673: checking dependency style of g++
configure:5763: result: gcc3
configure:5790: checking how to run the C++ preprocessor
configure:5826: g++ -E  conftest.cpp
configure:5832: $? = 0
configure:5870: g++ -E  conftest.cpp
conftest.cpp:21:28: fatal error: ac_nonexistent.h: No such file or directory
compilation terminated.
configure:5876: $? = 1
configure: failed program was:
| /* confdefs.h.  */
| #define PACKAGE_NAME ""
| #define PACKAGE_TARNAME ""
| #define PACKAGE_VERSION ""
| #define PACKAGE_STRING ""
| #define PACKAGE_BUGREPORT ""
| #define PACKAGE "tuxeip"
| #define VERSION "1.0"
| #define STDC_HEADERS 1
| #define HAVE_SYS_TYPES_H 1
| #define HAVE_SYS_STAT_H 1
| #define HAVE_STDLIB_H 1
| #define HAVE_STRING_H 1
| #define HAVE_MEMORY_H 1
| #define HAVE_STRINGS_H 1
| #define HAVE_INTTYPES_H 1
| #define HAVE_STDINT_H 1
| #define HAVE_UNISTD_H 1
| #define HAVE_DLFCN_H 1
| /* end confdefs.h.  */
| #include <ac_nonexistent.h>
configure:5916: result: g++ -E
configure:5945: g++ -E  conftest.cpp
configure:5951: $? = 0
configure:5989: g++ -E  conftest.cpp
conftest.cpp:21:28: fatal error: ac_nonexistent.h: No such file or directory
compilation terminated.
configure:5995: $? = 1
configure: failed program was:
| /* confdefs.h.  */
| #define PACKAGE_NAME ""
| #define PACKAGE_TARNAME ""
| #define PACKAGE_VERSION ""
| #define PACKAGE_STRING ""
| #define PACKAGE_BUGREPORT ""
| #define PACKAGE "tuxeip"
| #define VERSION "1.0"
| #define STDC_HEADERS 1
| #define HAVE_SYS_TYPES_H 1
| #define HAVE_SYS_STAT_H 1
| #define HAVE_STDLIB_H 1
| #define HAVE_STRING_H 1
| #define HAVE_MEMORY_H 1
| #define HAVE_STRINGS_H 1
| #define HAVE_INTTYPES_H 1
| #define HAVE_STDINT_H 1
| #define HAVE_UNISTD_H 1
| #define HAVE_DLFCN_H 1
| /* end confdefs.h.  */
| #include <ac_nonexistent.h>
configure:6095: checking for g77
configure:6125: result: no
configure:6095: checking for f77
configure:6125: result: no
configure:6095: checking for xlf
configure:6125: result: no
configure:6095: checking for frt
configure:6125: result: no
configure:6095: checking for pgf77
configure:6125: result: no
configure:6095: checking for cf77
configure:6125: result: no
configure:6095: checking for fort77
configure:6125: result: no
configure:6095: checking for fl32
configure:6125: result: no
configure:6095: checking for af77
configure:6125: result: no
configure:6095: checking for f90
configure:6125: result: no
configure:6095: checking for xlf90
configure:6125: result: no
configure:6095: checking for pgf90
configure:6125: result: no
configure:6095: checking for pghpf
configure:6125: result: no
configure:6095: checking for epcf90
configure:6125: result: no
configure:6095: checking for gfortran
configure:6125: result: no
configure:6095: checking for g95
configure:6125: result: no
configure:6095: checking for f95
configure:6125: result: no
configure:6095: checking for fort
configure:6125: result: no
configure:6095: checking for xlf95
configure:6125: result: no
configure:6095: checking for ifort
configure:6125: result: no
configure:6095: checking for ifc
configure:6125: result: no
configure:6095: checking for efc
configure:6125: result: no
configure:6095: checking for pgf95
configure:6125: result: no
configure:6095: checking for lf95
configure:6125: result: no
configure:6095: checking for ftn
configure:6125: result: no
configure:6152: checking for Fortran 77 compiler version
configure:6159:  --version >&5
./configure: line 6160: --version: command not found
configure:6162: $? = 127
configure:6169:  -v >&5
./configure: line 6170: -v: command not found
configure:6172: $? = 127
configure:6179:  -V >&5
./configure: line 6180: -V: command not found
configure:6182: $? = 127
configure:6190: checking whether we are using the GNU Fortran 77 compiler
configure:6209:  -c  conftest.F >&5
./configure: line 6210: -c: command not found
configure:6215: $? = 127
configure: failed program was:
|       program main
| #ifndef __GNUC__
|        choke me
| #endif
| 
|       end
configure:6249: result: no
configure:6255: checking whether  accepts -g
configure:6272:  -c -g conftest.f >&5
./configure: line 6273: -c: command not found
configure:6278: $? = 127
configure: failed program was:
|       program main
| 
|       end
configure:6311: result: no
configure:6341: checking the maximum length of command line arguments
configure:6450: result: 32768
configure:6461: checking command to parse /usr/bin/nm -B output from gcc object
configure:6566: gcc -c -g -O2  conftest.c >&5
configure:6569: $? = 0
configure:6573: /usr/bin/nm -B conftest.o \| sed -n -e 's/^.*[ 	]\([ABCDGIRSTW][ABCDGIRSTW]*\)[ 	][ 	]*\([_A-Za-z][_A-Za-z0-9]*\)$/\1 \2 \2/p' \> conftest.nm
configure:6576: $? = 0
configure:6628: gcc -o conftest -g -O2   conftest.c conftstm.o >&5
configure:6631: $? = 0
configure:6669: result: ok
configure:6673: checking for objdir
configure:6688: result: .libs
configure:6780: checking for ar
configure:6796: found /usr/bin/ar
configure:6807: result: ar
configure:6876: checking for ranlib
configure:6892: found /usr/bin/ranlib
configure:6903: result: ranlib
configure:6972: checking for strip
configure:6988: found /usr/bin/strip
configure:6999: result: strip
configure:7285: checking if gcc supports -fno-rtti -fno-exceptions
configure:7303: gcc -c -g -O2  -fno-rtti -fno-exceptions conftest.c >&5
cc1: warning: command line option "-fno-rtti" is valid for C++/ObjC++ but not for C
configure:7307: $? = 0
configure:7320: result: no
configure:7335: checking for gcc option to produce PIC
configure:7545: result: -fPIC
configure:7553: checking if gcc PIC flag -fPIC works
configure:7571: gcc -c -g -O2  -fPIC -DPIC conftest.c >&5
configure:7575: $? = 0
configure:7588: result: yes
configure:7616: checking if gcc static flag -static works
configure:7644: result: yes
configure:7654: checking if gcc supports -c -o file.o
configure:7675: gcc -c -g -O2  -o out/conftest2.o conftest.c >&5
configure:7679: $? = 0
configure:7701: result: yes
configure:7727: checking whether the gcc linker (/usr/x86_64-suse-linux/bin/ld -m elf_x86_64) supports shared libraries
configure:8714: result: yes
configure:8735: checking whether -lc should be explicitly linked in
configure:8740: gcc -c -g -O2  conftest.c >&5
configure:8743: $? = 0
configure:8758: gcc -shared conftest.o  -v -Wl,-soname -Wl,conftest -o conftest 2\>\&1 \| grep  -lc  \>/dev/null 2\>\&1
configure:8761: $? = 0
configure:8773: result: no
configure:8781: checking dynamic linker characteristics
configure:9357: result: GNU/Linux ld.so
configure:9366: checking how to hardcode library paths into programs
configure:9391: result: immediate
configure:9405: checking whether stripping libraries is possible
configure:9410: result: yes
configure:10323: checking if libtool supports shared libraries
configure:10325: result: yes
configure:10328: checking whether to build shared libraries
configure:10349: result: yes
configure:10352: checking whether to build static libraries
configure:10356: result: yes
configure:10448: creating libtool
configure:11036: checking for ld used by g++
configure:11103: result: /usr/x86_64-suse-linux/bin/ld -m elf_x86_64
configure:11112: checking if the linker (/usr/x86_64-suse-linux/bin/ld -m elf_x86_64) is GNU ld
configure:11127: result: yes
configure:11178: checking whether the g++ linker (/usr/x86_64-suse-linux/bin/ld -m elf_x86_64) supports shared libraries
configure:12144: result: yes
configure:12162: g++ -c -g -O2  conftest.cpp >&5
configure:12165: $? = 0
configure:12284: checking for g++ option to produce PIC
configure:12558: result: -fPIC
configure:12566: checking if g++ PIC flag -fPIC works
configure:12584: g++ -c -g -O2  -fPIC -DPIC conftest.cpp >&5
configure:12588: $? = 0
configure:12601: result: yes
configure:12629: checking if g++ static flag -static works
configure:12657: result: yes
configure:12667: checking if g++ supports -c -o file.o
configure:12688: g++ -c -g -O2  -o out/conftest2.o conftest.cpp >&5
configure:12692: $? = 0
configure:12714: result: yes
configure:12740: checking whether the g++ linker (/usr/x86_64-suse-linux/bin/ld -m elf_x86_64) supports shared libraries
configure:12768: result: yes
configure:12835: checking dynamic linker characteristics
configure:13411: result: GNU/Linux ld.so
configure:13420: checking how to hardcode library paths into programs
configure:13445: result: immediate
configure:19751: creating ./config.status

## ---------------------- ##
## Running config.status. ##
## ---------------------- ##

This file was extended by config.status, which was
generated by GNU Autoconf 2.60.  Invocation command line was

  CONFIG_FILES    = 
  CONFIG_HEADERS  = 
  CONFIG_LINKS    = 
  CONFIG_COMMANDS = 
  $ ./config.status 

on nb4lehrig

config.status:648: creating Makefile
config.status:648: creating src/Makefile
config.status:648: creating test/Makefile
config.status:648: creating config.h
config.status:869: config.h is unchanged
config.status:915: executing depfiles commands

## ---------------- ##
## Cache variables. ##
## ---------------- ##

ac_cv_build=x86_64-unknown-linux-gnu
ac_cv_c_compiler_gnu=yes
ac_cv_cxx_compiler_gnu=yes
ac_cv_env_CCC_set=
ac_cv_env_CCC_value=
ac_cv_env_CC_set=
ac_cv_env_CC_value=
ac_cv_env_CFLAGS_set=
ac_cv_env_CFLAGS_value=
ac_cv_env_CPPFLAGS_set=
ac_cv_env_CPPFLAGS_value=
ac_cv_env_CPP_set=
ac_cv_env_CPP_value=
ac_cv_env_CXXCPP_set=
ac_cv_env_CXXCPP_value=
ac_cv_env_CXXFLAGS_set=
ac_cv_env_CXXFLAGS_value=
ac_cv_env_CXX_set=
ac_cv_env_CXX_value=
ac_cv_env_F77_set=
ac_cv_env_F77_value=
ac_cv_env_FFLAGS_set=
ac_cv_env_FFLAGS_value=
ac_cv_env_LDFLAGS_set=
ac_cv_env_LDFLAGS_value=
ac_cv_env_build_alias_set=
ac_cv_env_build_alias_value=
ac_cv_env_host_alias_set=
ac_cv_env_host_alias_value=
ac_cv_env_target_alias_set=
ac_cv_env_target_alias_value=
ac_cv_f77_compiler_gnu=no
ac_cv_header_dlfcn_h=yes
ac_cv_header_inttypes_h=yes
ac_cv_header_memory_h=yes
ac_cv_header_stdc=yes
ac_cv_header_stdint_h=yes
ac_cv_header_stdlib_h=yes
ac_cv_header_string_h=yes
ac_cv_header_strings_h=yes
ac_cv_header_sys_stat_h=yes
ac_cv_header_sys_types_h=yes
ac_cv_header_unistd_h=yes
ac_cv_host=x86_64-unknown-linux-gnu
ac_cv_objext=o
ac_cv_path_EGREP='/usr/bin/grep -E'
ac_cv_path_GREP=/usr/bin/grep
ac_cv_path_install='/usr/bin/install -c'
ac_cv_prog_AWK=gawk
ac_cv_prog_CPP='gcc -E'
ac_cv_prog_CXXCPP='g++ -E'
ac_cv_prog_ac_ct_AR=ar
ac_cv_prog_ac_ct_CC=gcc
ac_cv_prog_ac_ct_CXX=g++
ac_cv_prog_ac_ct_RANLIB=ranlib
ac_cv_prog_ac_ct_STRIP=strip
ac_cv_prog_cc_c89=
ac_cv_prog_cc_g=yes
ac_cv_prog_cxx_g=yes
ac_cv_prog_f77_g=no
ac_cv_prog_make_make_set=yes
am_cv_CC_dependencies_compiler_type=gcc3
am_cv_CXX_dependencies_compiler_type=gcc3
lt_cv_deplibs_check_method=pass_all
lt_cv_file_magic_cmd='$MAGIC_CMD'
lt_cv_file_magic_test_file=
lt_cv_ld_reload_flag=-r
lt_cv_objdir=.libs
lt_cv_path_LD=/usr/x86_64-suse-linux/bin/ld
lt_cv_path_LDCXX='/usr/x86_64-suse-linux/bin/ld -m elf_x86_64'
lt_cv_path_NM='/usr/bin/nm -B'
lt_cv_path_SED=/usr/bin/sed
lt_cv_prog_compiler_c_o=yes
lt_cv_prog_compiler_c_o_CXX=yes
lt_cv_prog_compiler_rtti_exceptions=no
lt_cv_prog_gnu_ld=yes
lt_cv_prog_gnu_ldcxx=yes
lt_cv_sys_global_symbol_pipe='sed -n -e '\''s/^.*[ 	]\([ABCDGIRSTW][ABCDGIRSTW]*\)[ 	][ 	]*\([_A-Za-z][_A-Za-z0-9]*\)$/\1 \2 \2/p'\'''
lt_cv_sys_global_symbol_to_c_name_address='sed -n -e '\''s/^: \([^ ]*\) $/  {\"\1\", (lt_ptr) 0},/p'\'' -e '\''s/^[BCDEGRST] \([^ ]*\) \([^ ]*\)$/  {"\2", (lt_ptr) \&\2},/p'\'''
lt_cv_sys_global_symbol_to_cdecl='sed -n -e '\''s/^. .* \(.*\)$/extern int \1;/p'\'''
lt_cv_sys_max_cmd_len=32768
lt_lt_cv_prog_compiler_c_o='"yes"'
lt_lt_cv_prog_compiler_c_o_CXX='"yes"'
lt_lt_cv_sys_global_symbol_pipe='"sed -n -e '\''s/^.*[ 	]\\([ABCDGIRSTW][ABCDGIRSTW]*\\)[ 	][ 	]*\\([_A-Za-z][_A-Za-z0-9]*\\)\$/\\1 \\2 \\2/p'\''"'
lt_lt_cv_sys_global_symbol_to_c_name_address='"sed -n -e '\''s/^: \\([^ ]*\\) \$/  {\\\"\\1\\\", (lt_ptr) 0},/p'\'' -e '\''s/^[BCDEGRST] \\([^ ]*\\) \\([^ ]*\\)\$/  {\"\\2\", (lt_ptr) \\&\\2},/p'\''"'
lt_lt_cv_sys_global_symbol_to_cdecl='"sed -n -e '\''s/^. .* \\(.*\\)\$/extern int \\1;/p'\''"'

## ----------------- ##
## Output variables. ##
## ----------------- ##

ACLOCAL='${SHELL} /home/lehrig/cc/priv/pvbaddon/foreign/tuxeip/tuxeip-1.0/missing --run aclocal-1.9'
AMDEPBACKSLASH='\'
AMDEP_FALSE='#'
AMDEP_TRUE=''
AMTAR='${SHELL} /home/lehrig/cc/priv/pvbaddon/foreign/tuxeip/tuxeip-1.0/missing --run tar'
AR='ar'
AUTOCONF='${SHELL} /home/lehrig/cc/priv/pvbaddon/foreign/tuxeip/tuxeip-1.0/missing --run autoconf'
AUTOHEADER='${SHELL} /home/lehrig/cc/priv/pvbaddon/foreign/tuxeip/tuxeip-1.0/missing --run autoheader'
AUTOMAKE='${SHELL} /home/lehrig/cc/priv/pvbaddon/foreign/tuxeip/tuxeip-1.0/missing --run automake-1.9'
AWK='gawk'
CC='gcc'
CCDEPMODE='depmode=gcc3'
CFLAGS='-g -O2'
CPP='gcc -E'
CPPFLAGS=''
CXX='g++'
CXXCPP='g++ -E'
CXXDEPMODE='depmode=gcc3'
CXXFLAGS='-g -O2'
CYGPATH_W='echo'
DEFS='-DHAVE_CONFIG_H'
DEPDIR='.deps'
ECHO='echo'
ECHO_C=''
ECHO_N='-n'
ECHO_T=''
EGREP='/usr/bin/grep -E'
EXEEXT=''
F77=''
FFLAGS=''
GREP='/usr/bin/grep'
INSTALL_DATA='${INSTALL} -m 644'
INSTALL_PROGRAM='${INSTALL}'
INSTALL_SCRIPT='${INSTALL}'
INSTALL_STRIP_PROGRAM='${SHELL} $(install_sh) -c -s'
LDFLAGS=''
LIBOBJS=''
LIBS=''
LIBTOOL='$(SHELL) $(top_builddir)/libtool'
LN_S='ln -s'
LTLIBOBJS=''
MAKEINFO='${SHELL} /home/lehrig/cc/priv/pvbaddon/foreign/tuxeip/tuxeip-1.0/missing --run makeinfo'
OBJEXT='o'
PACKAGE='tuxeip'
PACKAGE_BUGREPORT=''
PACKAGE_NAME=''
PACKAGE_STRING=''
PACKAGE_TARNAME=''
PACKAGE_VERSION=''
PATH_SEPARATOR=':'
RANLIB='ranlib'
SET_MAKE=''
SHELL='/bin/sh'
STRIP='strip'
VERSION='1.0'
ac_ct_CC='gcc'
ac_ct_CXX='g++'
ac_ct_F77=''
am__fastdepCC_FALSE='#'
am__fastdepCC_TRUE=''
am__fastdepCXX_FALSE='#'
am__fastdepCXX_TRUE=''
am__include='include'
am__leading_dot='.'
am__quote=''
am__tar='${AMTAR} chof - "$$tardir"'
am__untar='${AMTAR} xf -'
bindir='${exec_prefix}/bin'
build='x86_64-unknown-linux-gnu'
build_alias=''
build_cpu='x86_64'
build_os='linux-gnu'
build_vendor='unknown'
datadir='${datarootdir}'
datarootdir='${prefix}/share'
docdir='${datarootdir}/doc/${PACKAGE}'
dvidir='${docdir}'
exec_prefix='${prefix}'
host='x86_64-unknown-linux-gnu'
host_alias=''
host_cpu='x86_64'
host_os='linux-gnu'
host_vendor='unknown'
htmldir='${docdir}'
includedir='${prefix}/include'
infodir='${datarootdir}/info'
install_sh='/home/lehrig/cc/priv/pvbaddon/foreign/tuxeip/tuxeip-1.0/install-sh'
libdir='${exec_prefix}/lib'
libexecdir='${exec_prefix}/libexec'
localedir='${datarootdir}/locale'
localstatedir='${prefix}/var'
mandir='${datarootdir}/man'
mkdir_p='mkdir -p --'
oldincludedir='/usr/include'
pdfdir='${docdir}'
prefix='/usr/local'
program_transform_name='s,x,x,'
psdir='${docdir}'
sbindir='${exec_prefix}/sbin'
sharedstatedir='${prefix}/com'
sysconfdir='${prefix}/etc'
target_alias=''

## ----------- ##
## confdefs.h. ##
## ----------- ##

#define PACKAGE_NAME ""
#define PACKAGE_TARNAME ""
#define PACKAGE_VERSION ""
#define PACKAGE_STRING ""
#define PACKAGE_BUGREPORT ""
#define PACKAGE "tuxeip"
#define VERSION "1.0"
#define STDC_HEADERS 1
#define HAVE_SYS_TYPES_H 1
#define HAVE_SYS_STAT_H 1
#define HAVE_STDLIB_H 1
#define HAVE_STRING_H 1
#define HAVE_MEMORY_H 1
#define HAVE_STRINGS_H 1
#define HAVE_INTTYPES_H 1
#define HAVE_STDINT_H 1
#define HAVE_UNISTD_H 1
#define HAVE_DLFCN_H 1

configure: exit 0
